TN:
SF:app/+not-found.tsx
FN:13,NotFoundScreen
FNF:1
FNH:0
FNDA:0,NotFoundScreen
DA:14,0
DA:33,0
LF:2
LH:0
BRF:0
BRH:0
end_of_record
TN:
SF:app/_layout.js
FN:93,loadFontsAsync
FN:101,InitialLayout
FN:107,(anonymous_2)
FN:138,RootLayout
FN:143,(anonymous_4)
FN:144,(anonymous_5)
FN:157,(anonymous_6)
FN:158,(anonymous_7)
FN:167,(anonymous_8)
FN:186,CustomErrorBoundary
FNF:10
FNH:0
FNDA:0,loadFontsAsync
FNDA:0,InitialLayout
FNDA:0,(anonymous_2)
FNDA:0,RootLayout
FNDA:0,(anonymous_4)
FNDA:0,(anonymous_5)
FNDA:0,(anonymous_6)
FNDA:0,(anonymous_7)
FNDA:0,(anonymous_8)
FNDA:0,CustomErrorBoundary
DA:22,0
DA:29,0
DA:95,0
DA:102,0
DA:103,0
DA:104,0
DA:107,0
DA:108,0
DA:110,0
DA:111,0
DA:112,0
DA:115,0
DA:116,0
DA:118,0
DA:120,0
DA:121,0
DA:122,0
DA:123,0
DA:124,0
DA:125,0
DA:127,0
DA:130,0
DA:134,0
DA:139,0
DA:140,0
DA:143,0
DA:144,0
DA:145,0
DA:146,0
DA:147,0
DA:148,0
DA:150,0
DA:157,0
DA:158,0
DA:159,0
DA:160,0
DA:161,0
DA:163,0
DA:167,0
DA:170,0
DA:172,0
DA:187,0
LF:42
LH:0
BRDA:110,0,0,0
BRDA:110,0,1,0
BRDA:120,1,0,0
BRDA:120,1,1,0
BRDA:120,2,0,0
BRDA:120,2,1,0
BRDA:123,3,0,0
BRDA:123,3,1,0
BRDA:123,4,0,0
BRDA:123,4,1,0
BRDA:145,5,0,0
BRDA:145,5,1,0
BRDA:175,6,0,0
BRDA:175,6,1,0
BRF:14
BRH:0
end_of_record
TN:
SF:app/notifications.tsx
FN:29,NotificationsScreen
FN:38,(anonymous_1)
FN:65,(anonymous_2)
FN:70,(anonymous_3)
FN:76,(anonymous_4)
FN:82,(anonymous_5)
FN:88,(anonymous_6)
FN:95,(anonymous_7)
FN:141,(anonymous_8)
FN:147,(anonymous_9)
FN:156,(anonymous_10)
FN:166,(anonymous_11)
FN:203,(anonymous_12)
FN:229,(anonymous_13)
FN:257,(anonymous_14)
FNF:15
FNH:0
FNDA:0,NotificationsScreen
FNDA:0,(anonymous_1)
FNDA:0,(anonymous_2)
FNDA:0,(anonymous_3)
FNDA:0,(anonymous_4)
FNDA:0,(anonymous_5)
FNDA:0,(anonymous_6)
FNDA:0,(anonymous_7)
FNDA:0,(anonymous_8)
FNDA:0,(anonymous_9)
FNDA:0,(anonymous_10)
FNDA:0,(anonymous_11)
FNDA:0,(anonymous_12)
FNDA:0,(anonymous_13)
FNDA:0,(anonymous_14)
DA:30,0
DA:31,0
DA:32,0
DA:33,0
DA:34,0
DA:35,0
DA:38,0
DA:39,0
DA:40,0
DA:41,0
DA:44,0
DA:45,0
DA:46,0
DA:48,0
DA:49,0
DA:52,0
DA:53,0
DA:56,0
DA:57,0
DA:59,0
DA:60,0
DA:65,0
DA:66,0
DA:70,0
DA:71,0
DA:72,0
DA:76,0
DA:77,0
DA:79,0
DA:82,0
DA:83,0
DA:86,0
DA:88,0
DA:89,0
DA:95,0
DA:97,0
DA:98,0
DA:102,0
DA:104,0
DA:105,0
DA:110,0
DA:112,0
DA:113,0
DA:117,0
DA:120,0
DA:123,0
DA:124,0
DA:126,0
DA:129,0
DA:131,0
DA:132,0
DA:134,0
DA:136,0
DA:141,0
DA:142,0
DA:144,0
DA:147,0
DA:150,0
DA:152,0
DA:154,0
DA:156,0
DA:159,0
DA:161,0
DA:166,0
DA:168,0
DA:169,0
DA:171,0
DA:173,0
DA:174,0
DA:175,0
DA:177,0
DA:178,0
DA:179,0
DA:181,0
DA:182,0
DA:183,0
DA:185,0
DA:186,0
DA:187,0
DA:189,0
DA:190,0
DA:191,0
DA:193,0
DA:194,0
DA:197,0
DA:203,0
DA:224,0
DA:229,0
DA:257,0
DA:273,0
LF:90
LH:0
BRDA:39,0,0,0
BRDA:39,0,1,0
BRDA:48,1,0,0
BRDA:48,1,1,0
BRDA:48,2,0,0
BRDA:48,2,1,0
BRDA:83,3,0,0
BRDA:83,3,1,0
BRDA:89,4,0,0
BRDA:89,4,1,0
BRDA:97,5,0,0
BRDA:97,5,1,0
BRDA:102,6,0,0
BRDA:102,6,1,0
BRDA:102,6,2,0
BRDA:102,6,3,0
BRDA:102,6,4,0
BRDA:102,6,5,0
BRDA:102,6,6,0
BRDA:104,7,0,0
BRDA:104,7,1,0
BRDA:112,8,0,0
BRDA:112,8,1,0
BRDA:123,9,0,0
BRDA:123,9,1,0
BRDA:131,10,0,0
BRDA:131,10,1,0
BRDA:171,11,0,0
BRDA:171,11,1,0
BRDA:171,11,2,0
BRDA:171,11,3,0
BRDA:171,11,4,0
BRDA:171,11,5,0
BRDA:201,12,0,0
BRDA:201,12,1,0
BRDA:217,13,0,0
BRDA:217,13,1,0
BRDA:244,14,0,0
BRDA:244,14,1,0
BRDA:244,15,0,0
BRDA:244,15,1,0
BRDA:248,16,0,0
BRDA:248,16,1,0
BRF:43
BRH:0
end_of_record
TN:
SF:app/(tabs)/_layout.js
FN:15,TabLayout
FN:47,(anonymous_1)
FN:54,(anonymous_2)
FN:61,(anonymous_3)
FN:68,(anonymous_4)
FNF:5
FNH:0
FNDA:0,TabLayout
FNDA:0,(anonymous_1)
FNDA:0,(anonymous_2)
FNDA:0,(anonymous_3)
FNDA:0,(anonymous_4)
DA:11,0
DA:17,0
DA:19,0
DA:47,0
DA:54,0
DA:61,0
DA:68,0
LF:7
LH:0
BRF:0
BRH:0
end_of_record
TN:
SF:app/(tabs)/_layout.native.tsx
FN:6,TabLayout
FN:25,(anonymous_1)
FN:35,(anonymous_2)
FN:45,(anonymous_3)
FN:55,(anonymous_4)
FNF:5
FNH:0
FNDA:0,TabLayout
FNDA:0,(anonymous_1)
FNDA:0,(anonymous_2)
FNDA:0,(anonymous_3)
FNDA:0,(anonymous_4)
DA:7,0
DA:9,0
DA:26,0
DA:36,0
DA:46,0
DA:56,0
LF:6
LH:0
BRF:0
BRH:0
end_of_record
TN:
SF:app/(tabs)/_layout.web.tsx
FN:8,TabLayout
FN:13,(anonymous_1)
FN:59,(anonymous_2)
FN:63,(anonymous_3)
FN:77,(anonymous_4)
FN:87,(anonymous_5)
FN:97,(anonymous_6)
FNF:7
FNH:0
FNDA:0,TabLayout
FNDA:0,(anonymous_1)
FNDA:0,(anonymous_2)
FNDA:0,(anonymous_3)
FNDA:0,(anonymous_4)
FNDA:0,(anonymous_5)
FNDA:0,(anonymous_6)
DA:9,0
DA:10,0
DA:13,0
DA:15,0
DA:16,0
DA:17,0
DA:19,0
DA:21,0
DA:24,0
DA:25,0
DA:26,0
DA:27,0
DA:29,0
DA:30,0
DA:31,0
DA:32,0
DA:33,0
DA:36,0
DA:37,0
DA:43,0
DA:60,0
DA:64,0
DA:78,0
DA:88,0
DA:98,0
DA:106,0
LF:26
LH:0
BRDA:15,0,0,0
BRDA:15,0,1,0
BRDA:15,1,0,0
BRDA:15,1,1,0
BRDA:29,2,0,0
BRDA:29,2,1,0
BRF:6
BRH:0
end_of_record
TN:
SF:app/(tabs)/index.tsx
FN:18,HomeScreen
FN:27,(anonymous_1)
FN:76,(anonymous_2)
FN:100,(anonymous_3)
FN:105,(anonymous_4)
FN:110,(anonymous_5)
FN:123,(anonymous_6)
FN:136,(anonymous_7)
FN:145,(anonymous_8)
FN:153,(anonymous_9)
FN:158,(anonymous_10)
FN:163,(anonymous_11)
FN:168,(anonymous_12)
FN:263,(anonymous_13)
FN:271,(anonymous_14)
FN:288,(anonymous_15)
FNF:16
FNH:0
FNDA:0,HomeScreen
FNDA:0,(anonymous_1)
FNDA:0,(anonymous_2)
FNDA:0,(anonymous_3)
FNDA:0,(anonymous_4)
FNDA:0,(anonymous_5)
FNDA:0,(anonymous_6)
FNDA:0,(anonymous_7)
FNDA:0,(anonymous_8)
FNDA:0,(anonymous_9)
FNDA:0,(anonymous_10)
FNDA:0,(anonymous_11)
FNDA:0,(anonymous_12)
FNDA:0,(anonymous_13)
FNDA:0,(anonymous_14)
FNDA:0,(anonymous_15)
DA:19,0
DA:20,0
DA:21,0
DA:22,0
DA:23,0
DA:24,0
DA:27,0
DA:28,0
DA:29,0
DA:31,0
DA:32,0
DA:33,0
DA:34,0
DA:40,0
DA:42,0
DA:43,0
DA:45,0
DA:46,0
DA:47,0
DA:48,0
DA:49,0
DA:52,0
DA:53,0
DA:56,0
DA:58,0
DA:59,0
DA:63,0
DA:64,0
DA:65,0
DA:66,0
DA:70,0
DA:71,0
DA:72,0
DA:74,0
DA:76,0
DA:77,0
DA:78,0
DA:79,0
DA:81,0
DA:84,0
DA:85,0
DA:89,0
DA:90,0
DA:93,0
DA:95,0
DA:100,0
DA:101,0
DA:102,0
DA:105,0
DA:107,0
DA:110,0
DA:111,0
DA:112,0
DA:114,0
DA:118,0
DA:122,0
DA:123,0
DA:124,0
DA:126,0
DA:129,0
DA:133,0
DA:136,0
DA:137,0
DA:138,0
DA:144,0
DA:146,0
DA:153,0
DA:154,0
DA:158,0
DA:159,0
DA:163,0
DA:164,0
DA:168,0
DA:170,0
DA:178,0
DA:264,0
DA:271,0
DA:289,0
DA:317,0
LF:79
LH:0
BRDA:29,0,0,0
BRDA:29,0,1,0
BRDA:29,1,0,0
BRDA:29,1,1,0
BRDA:33,2,0,0
BRDA:33,2,1,0
BRDA:33,3,0,0
BRDA:33,3,1,0
BRDA:45,4,0,0
BRDA:45,4,1,0
BRDA:45,5,0,0
BRDA:45,5,1,0
BRDA:64,6,0,0
BRDA:64,6,1,0
BRDA:74,7,0,0
BRDA:74,7,1,0
BRDA:74,8,0,0
BRDA:74,8,1,0
BRDA:78,9,0,0
BRDA:78,9,1,0
BRDA:78,10,0,0
BRDA:78,10,1,0
BRDA:137,11,0,0
BRDA:137,11,1,0
BRDA:195,12,0,0
BRDA:195,12,1,0
BRDA:210,13,0,0
BRDA:210,13,1,0
BRDA:216,14,0,0
BRDA:216,14,1,0
BRDA:218,15,0,0
BRDA:218,15,1,0
BRDA:236,16,0,0
BRDA:236,16,1,0
BRDA:236,17,0,0
BRDA:236,17,1,0
BRDA:259,18,0,0
BRDA:259,18,1,0
BRDA:333,19,0,0
BRDA:333,19,1,0
BRF:40
BRH:0
end_of_record
TN:
SF:app/(tabs)/messages.tsx
FN:29,MessagesScreen
FN:39,(anonymous_1)
FN:51,(anonymous_2)
FN:95,(anonymous_3)
FN:100,(anonymous_4)
FN:105,(anonymous_5)
FN:111,(anonymous_6)
FN:124,(anonymous_7)
FN:129,(anonymous_8)
FN:129,(anonymous_9)
FN:142,(anonymous_10)
FN:152,(anonymous_11)
FN:153,(anonymous_12)
FN:162,(anonymous_13)
FN:167,(anonymous_14)
FN:173,(anonymous_15)
FN:183,(anonymous_16)
FN:205,(anonymous_17)
FN:209,(anonymous_18)
FN:253,(anonymous_19)
FN:268,(anonymous_20)
FN:280,(anonymous_21)
FN:291,(anonymous_22)
FN:304,(anonymous_23)
FN:347,(anonymous_24)
FNF:25
FNH:0
FNDA:0,MessagesScreen
FNDA:0,(anonymous_1)
FNDA:0,(anonymous_2)
FNDA:0,(anonymous_3)
FNDA:0,(anonymous_4)
FNDA:0,(anonymous_5)
FNDA:0,(anonymous_6)
FNDA:0,(anonymous_7)
FNDA:0,(anonymous_8)
FNDA:0,(anonymous_9)
FNDA:0,(anonymous_10)
FNDA:0,(anonymous_11)
FNDA:0,(anonymous_12)
FNDA:0,(anonymous_13)
FNDA:0,(anonymous_14)
FNDA:0,(anonymous_15)
FNDA:0,(anonymous_16)
FNDA:0,(anonymous_17)
FNDA:0,(anonymous_18)
FNDA:0,(anonymous_19)
FNDA:0,(anonymous_20)
FNDA:0,(anonymous_21)
FNDA:0,(anonymous_22)
FNDA:0,(anonymous_23)
FNDA:0,(anonymous_24)
DA:30,0
DA:31,0
DA:32,0
DA:33,0
DA:34,0
DA:35,0
DA:36,0
DA:39,0
DA:40,0
DA:41,0
DA:44,0
DA:45,0
DA:46,0
DA:49,0
DA:51,0
DA:53,0
DA:56,0
DA:62,0
DA:75,0
DA:78,0
DA:81,0
DA:83,0
DA:86,0
DA:87,0
DA:88,0
DA:90,0
DA:91,0
DA:95,0
DA:96,0
DA:100,0
DA:101,0
DA:105,0
DA:106,0
DA:107,0
DA:111,0
DA:112,0
DA:113,0
DA:129,0
DA:130,0
DA:136,0
DA:137,0
DA:142,0
DA:143,0
DA:144,0
DA:152,0
DA:153,0
DA:156,0
DA:157,0
DA:162,0
DA:163,0
DA:166,0
DA:167,0
DA:171,0
DA:172,0
DA:173,0
DA:174,0
DA:179,0
DA:183,0
DA:184,0
DA:185,0
DA:186,0
DA:188,0
DA:190,0
DA:191,0
DA:193,0
DA:194,0
DA:196,0
DA:197,0
DA:200,0
DA:205,0
DA:206,0
DA:209,0
DA:253,0
DA:268,0
DA:269,0
DA:280,0
DA:291,0
DA:304,0
DA:305,0
DA:306,0
DA:314,0
DA:335,0
DA:337,0
DA:347,0
DA:359,0
LF:85
LH:0
BRDA:49,0,0,0
BRDA:49,0,1,0
BRDA:49,1,0,0
BRDA:49,1,1,0
BRDA:53,2,0,0
BRDA:53,2,1,0
BRDA:56,3,0,0
BRDA:56,3,1,0
BRDA:58,4,0,0
BRDA:58,4,1,0
BRDA:67,5,0,0
BRDA:67,5,1,0
BRDA:70,6,0,0
BRDA:70,6,1,0
BRDA:71,7,0,0
BRDA:71,7,1,0
BRDA:86,8,0,0
BRDA:86,8,1,0
BRDA:136,9,0,0
BRDA:136,9,1,0
BRDA:153,10,0,0
BRDA:153,10,1,0
BRDA:156,11,0,0
BRDA:156,11,1,0
BRDA:166,12,0,0
BRDA:166,12,1,0
BRDA:171,13,0,0
BRDA:171,13,1,0
BRDA:174,14,0,0
BRDA:174,14,1,0
BRDA:188,15,0,0
BRDA:188,15,1,0
BRDA:191,16,0,0
BRDA:191,16,1,0
BRDA:194,17,0,0
BRDA:194,17,1,0
BRDA:213,18,0,0
BRDA:213,18,1,0
BRDA:226,19,0,0
BRDA:226,19,1,0
BRDA:245,20,0,0
BRDA:245,20,1,0
BRDA:256,21,0,0
BRDA:256,21,1,0
BRDA:258,22,0,0
BRDA:258,22,1,0
BRDA:279,23,0,0
BRDA:279,23,1,0
BRDA:289,24,0,0
BRDA:289,24,1,0
BRDA:296,25,0,0
BRDA:296,25,1,0
BRDA:305,26,0,0
BRDA:305,26,1,0
BRDA:318,27,0,0
BRDA:318,27,1,0
BRDA:320,28,0,0
BRDA:320,28,1,0
BRDA:325,29,0,0
BRDA:325,29,1,0
BRDA:327,30,0,0
BRDA:327,30,1,0
BRDA:348,31,0,0
BRDA:348,31,1,0
BRF:64
BRH:0
end_of_record
TN:
SF:app/(tabs)/settings.tsx
FN:22,SettingsTab
FN:37,(anonymous_1)
FN:46,(anonymous_2)
FN:54,(anonymous_3)
FN:76,(anonymous_4)
FN:82,(anonymous_5)
FN:95,(anonymous_6)
FN:171,(anonymous_7)
FN:183,(anonymous_8)
FN:194,(anonymous_9)
FN:218,(anonymous_10)
FN:248,(anonymous_11)
FN:271,(anonymous_12)
FN:276,(anonymous_13)
FN:332,(anonymous_14)
FN:347,(anonymous_15)
FN:362,(anonymous_16)
FN:372,(anonymous_17)
FN:408,(anonymous_18)
FNF:19
FNH:0
FNDA:0,SettingsTab
FNDA:0,(anonymous_1)
FNDA:0,(anonymous_2)
FNDA:0,(anonymous_3)
FNDA:0,(anonymous_4)
FNDA:0,(anonymous_5)
FNDA:0,(anonymous_6)
FNDA:0,(anonymous_7)
FNDA:0,(anonymous_8)
FNDA:0,(anonymous_9)
FNDA:0,(anonymous_10)
FNDA:0,(anonymous_11)
FNDA:0,(anonymous_12)
FNDA:0,(anonymous_13)
FNDA:0,(anonymous_14)
FNDA:0,(anonymous_15)
FNDA:0,(anonymous_16)
FNDA:0,(anonymous_17)
FNDA:0,(anonymous_18)
DA:23,0
DA:24,0
DA:25,0
DA:26,0
DA:27,0
DA:30,0
DA:37,0
DA:38,0
DA:39,0
DA:41,0
DA:46,0
DA:47,0
DA:48,0
DA:50,0
DA:51,0
DA:54,0
DA:61,0
DA:67,0
DA:69,0
DA:71,0
DA:76,0
DA:77,0
DA:78,0
DA:79,0
DA:80,0
DA:81,0
DA:82,0
DA:88,0
DA:90,0
DA:95,0
DA:96,0
DA:97,0
DA:100,0
DA:103,0
DA:104,0
DA:106,0
DA:110,0
DA:113,0
DA:115,0
DA:116,0
DA:121,0
DA:122,0
DA:124,0
DA:125,0
DA:126,0
DA:127,0
DA:129,0
DA:133,0
DA:135,0
DA:136,0
DA:140,0
DA:142,0
DA:143,0
DA:144,0
DA:145,0
DA:146,0
DA:150,0
DA:151,0
DA:155,0
DA:161,0
DA:163,0
DA:164,0
DA:166,0
DA:171,0
DA:172,0
DA:175,0
DA:179,0
DA:183,0
DA:184,0
DA:195,0
DA:196,0
DA:197,0
DA:200,0
DA:201,0
DA:204,0
DA:205,0
DA:208,0
DA:209,0
DA:212,0
DA:219,0
DA:220,0
DA:226,0
DA:229,0
DA:230,0
DA:231,0
DA:232,0
DA:233,0
DA:236,0
DA:237,0
DA:238,0
DA:239,0
DA:242,0
DA:249,0
DA:250,0
DA:251,0
DA:257,0
DA:258,0
DA:261,0
DA:271,0
DA:272,0
DA:276,0
DA:277,0
DA:278,0
DA:279,0
DA:282,0
DA:283,0
DA:284,0
DA:286,0
DA:287,0
DA:291,0
DA:332,0
DA:347,0
DA:362,0
DA:372,0
DA:408,0
DA:424,0
LF:116
LH:0
BRDA:38,0,0,0
BRDA:38,0,1,0
BRDA:80,1,0,0
BRDA:80,1,1,0
BRDA:103,2,0,0
BRDA:103,2,1,0
BRDA:121,3,0,0
BRDA:121,3,1,0
BRDA:122,4,0,0
BRDA:122,4,1,0
BRDA:125,5,0,0
BRDA:125,5,1,0
BRDA:175,6,0,0
BRDA:175,6,1,0
BRDA:175,7,0,0
BRDA:175,7,1,0
BRDA:185,8,0,0
BRDA:185,8,1,0
BRDA:186,9,0,0
BRDA:186,9,1,0
BRDA:189,10,0,0
BRDA:189,10,1,0
BRDA:193,11,0,0
BRDA:193,11,1,0
BRDA:236,12,0,0
BRDA:236,12,1,0
BRDA:236,13,0,0
BRDA:236,13,1,0
BRDA:236,13,2,0
BRDA:258,14,0,0
BRDA:258,14,1,0
BRDA:277,15,0,0
BRDA:277,15,1,0
BRDA:298,16,0,0
BRDA:298,16,1,0
BRDA:302,17,0,0
BRDA:302,17,1,0
BRDA:309,18,0,0
BRDA:309,18,1,0
BRDA:310,19,0,0
BRDA:310,19,1,0
BRDA:334,20,0,0
BRDA:334,20,1,0
BRDA:334,21,0,0
BRDA:334,21,1,0
BRDA:349,22,0,0
BRDA:349,22,1,0
BRDA:349,23,0,0
BRDA:349,23,1,0
BRDA:350,24,0,0
BRDA:350,24,1,0
BRDA:364,25,0,0
BRDA:364,25,1,0
BRDA:364,26,0,0
BRDA:364,26,1,0
BRDA:365,27,0,0
BRDA:365,27,1,0
BRDA:365,27,2,0
BRDA:382,28,0,0
BRDA:382,28,1,0
BRDA:382,28,2,0
BRDA:385,29,0,0
BRDA:385,29,1,0
BRDA:392,30,0,0
BRDA:392,30,1,0
BRDA:395,31,0,0
BRDA:395,31,1,0
BRDA:404,32,0,0
BRDA:404,32,1,0
BRDA:407,33,0,0
BRDA:407,33,1,0
BRF:71
BRH:0
end_of_record
TN:
SF:app/(tabs)/feedback/index.tsx
FN:10,FeedbackScreen
FN:19,(anonymous_1)
FN:24,(anonymous_2)
FN:50,(anonymous_3)
FN:91,(anonymous_4)
FN:113,(anonymous_5)
FN:135,(anonymous_6)
FNF:7
FNH:0
FNDA:0,FeedbackScreen
FNDA:0,(anonymous_1)
FNDA:0,(anonymous_2)
FNDA:0,(anonymous_3)
FNDA:0,(anonymous_4)
FNDA:0,(anonymous_5)
FNDA:0,(anonymous_6)
DA:11,0
DA:12,0
DA:13,0
DA:14,0
DA:15,0
DA:16,0
DA:19,0
DA:20,0
DA:24,0
DA:25,0
DA:26,0
DA:27,0
DA:30,0
DA:31,0
DA:32,0
DA:35,0
DA:37,0
DA:47,0
DA:52,0
DA:53,0
DA:54,0
DA:58,0
DA:59,0
DA:61,0
DA:65,0
DA:91,0
DA:113,0
DA:135,0
DA:201,0
LF:29
LH:0
BRDA:25,0,0,0
BRDA:25,0,1,0
BRDA:30,1,0,0
BRDA:30,1,1,0
BRDA:89,2,0,0
BRDA:89,2,1,0
BRDA:96,3,0,0
BRDA:96,3,1,0
BRDA:101,4,0,0
BRDA:101,4,1,0
BRDA:111,5,0,0
BRDA:111,5,1,0
BRDA:118,6,0,0
BRDA:118,6,1,0
BRDA:123,7,0,0
BRDA:123,7,1,0
BRDA:133,8,0,0
BRDA:133,8,1,0
BRDA:140,9,0,0
BRDA:140,9,1,0
BRDA:145,10,0,0
BRDA:145,10,1,0
BRDA:182,11,0,0
BRDA:182,11,1,0
BRDA:187,12,0,0
BRDA:187,12,1,0
BRDA:187,12,2,0
BRF:27
BRH:0
end_of_record
TN:
SF:app/(tabs)/mypage/_layout.js
FN:4,MypageLayout
FNF:1
FNH:0
FNDA:0,MypageLayout
DA:5,0
LF:1
LH:0
BRF:0
BRH:0
end_of_record
TN:
SF:app/(tabs)/mypage/index.tsx
FNF:0
FNH:0
LF:0
LH:0
BRF:0
BRH:0
end_of_record
TN:
SF:app/admin/_layout.js
FN:5,AdminLayout
FNF:1
FNH:0
FNDA:0,AdminLayout
DA:6,0
DA:8,0
LF:2
LH:0
BRF:0
BRH:0
end_of_record
TN:
SF:app/admin/index.js
FN:19,AdminScreen
FN:28,(anonymous_1)
FN:29,(anonymous_2)
FN:62,(anonymous_3)
FN:88,(anonymous_4)
FN:97,(anonymous_5)
FN:129,(anonymous_6)
FN:148,(anonymous_7)
FN:164,(anonymous_8)
FNF:9
FNH:0
FNDA:0,AdminScreen
FNDA:0,(anonymous_1)
FNDA:0,(anonymous_2)
FNDA:0,(anonymous_3)
FNDA:0,(anonymous_4)
FNDA:0,(anonymous_5)
FNDA:0,(anonymous_6)
FNDA:0,(anonymous_7)
FNDA:0,(anonymous_8)
DA:13,0
DA:20,0
DA:21,0
DA:23,0
DA:24,0
DA:25,0
DA:28,0
DA:29,0
DA:30,0
DA:32,0
DA:33,0
DA:36,0
DA:37,0
DA:39,0
DA:40,0
DA:41,0
DA:42,0
DA:46,0
DA:47,0
DA:48,0
DA:51,0
DA:52,0
DA:54,0
DA:58,0
DA:62,0
DA:63,0
DA:65,0
DA:66,0
DA:67,0
DA:68,0
DA:71,0
DA:72,0
DA:73,0
DA:74,0
DA:78,0
DA:80,0
DA:82,0
DA:83,0
DA:88,0
DA:89,0
DA:98,0
DA:99,0
DA:100,0
DA:107,0
DA:108,0
DA:117,0
DA:129,0
DA:148,0
DA:164,0
DA:200,0
LF:50
LH:0
BRDA:33,0,0,0
BRDA:33,0,1,0
BRDA:36,1,0,0
BRDA:36,1,1,0
BRDA:36,2,0,0
BRDA:36,2,1,0
BRDA:39,3,0,0
BRDA:39,3,1,0
BRDA:47,4,0,0
BRDA:47,4,1,0
BRDA:66,5,0,0
BRDA:66,5,1,0
BRDA:66,6,0,0
BRDA:66,6,1,0
BRDA:66,6,2,0
BRDA:72,7,0,0
BRDA:72,7,1,0
BRDA:72,8,0,0
BRDA:72,8,1,0
BRDA:72,8,2,0
BRDA:107,9,0,0
BRDA:107,9,1,0
BRDA:167,10,0,0
BRDA:167,10,1,0
BRDA:168,11,0,0
BRDA:168,11,1,0
BRF:26
BRH:0
end_of_record
TN:
SF:app/admin/notices.js
FN:21,AdminAnnouncementsScreen
FN:40,(anonymous_1)
FN:48,(anonymous_2)
FN:49,(anonymous_3)
FN:76,(anonymous_4)
FN:87,(anonymous_5)
FN:98,(anonymous_6)
FN:145,(anonymous_7)
FN:154,(anonymous_8)
FN:174,(anonymous_9)
FN:175,(anonymous_10)
FN:212,(anonymous_11)
FN:220,(anonymous_12)
FN:235,(anonymous_13)
FN:280,(anonymous_14)
FN:287,(anonymous_15)
FN:359,(anonymous_16)
FNF:17
FNH:0
FNDA:0,AdminAnnouncementsScreen
FNDA:0,(anonymous_1)
FNDA:0,(anonymous_2)
FNDA:0,(anonymous_3)
FNDA:0,(anonymous_4)
FNDA:0,(anonymous_5)
FNDA:0,(anonymous_6)
FNDA:0,(anonymous_7)
FNDA:0,(anonymous_8)
FNDA:0,(anonymous_9)
FNDA:0,(anonymous_10)
FNDA:0,(anonymous_11)
FNDA:0,(anonymous_12)
FNDA:0,(anonymous_13)
FNDA:0,(anonymous_14)
FNDA:0,(anonymous_15)
FNDA:0,(anonymous_16)
DA:22,0
DA:23,0
DA:25,0
DA:26,0
DA:27,0
DA:28,0
DA:31,0
DA:32,0
DA:33,0
DA:34,0
DA:35,0
DA:36,0
DA:37,0
DA:40,0
DA:41,0
DA:42,0
DA:43,0
DA:48,0
DA:49,0
DA:50,0
DA:51,0
DA:53,0
DA:54,0
DA:55,0
DA:59,0
DA:60,0
DA:61,0
DA:64,0
DA:65,0
DA:67,0
DA:68,0
DA:72,0
DA:76,0
DA:77,0
DA:78,0
DA:79,0
DA:80,0
DA:81,0
DA:82,0
DA:83,0
DA:87,0
DA:88,0
DA:89,0
DA:90,0
DA:91,0
DA:92,0
DA:93,0
DA:94,0
DA:98,0
DA:99,0
DA:100,0
DA:101,0
DA:104,0
DA:113,0
DA:116,0
DA:118,0
DA:123,0
DA:124,0
DA:125,0
DA:126,0
DA:130,0
DA:132,0
DA:133,0
DA:134,0
DA:135,0
DA:139,0
DA:140,0
DA:145,0
DA:146,0
DA:155,0
DA:156,0
DA:158,0
DA:159,0
DA:160,0
DA:161,0
DA:164,0
DA:165,0
DA:174,0
DA:175,0
DA:177,0
DA:212,0
DA:220,0
DA:230,0
DA:235,0
DA:281,0
DA:287,0
DA:359,0
DA:373,0
LF:88
LH:0
BRDA:41,0,0,0
BRDA:41,0,1,0
BRDA:41,1,0,0
BRDA:41,1,1,0
BRDA:54,2,0,0
BRDA:54,2,1,0
BRDA:54,3,0,0
BRDA:54,3,1,0
BRDA:60,4,0,0
BRDA:60,4,1,0
BRDA:60,5,0,0
BRDA:60,5,1,0
BRDA:80,6,0,0
BRDA:80,6,1,0
BRDA:94,7,0,0
BRDA:94,7,1,0
BRDA:99,8,0,0
BRDA:99,8,1,0
BRDA:99,9,0,0
BRDA:99,9,1,0
BRDA:99,9,2,0
BRDA:116,10,0,0
BRDA:116,10,1,0
BRDA:123,11,0,0
BRDA:123,11,1,0
BRDA:123,12,0,0
BRDA:123,12,1,0
BRDA:132,13,0,0
BRDA:132,13,1,0
BRDA:132,14,0,0
BRDA:132,14,1,0
BRDA:158,15,0,0
BRDA:158,15,1,0
BRDA:158,16,0,0
BRDA:158,16,1,0
BRDA:175,17,0,0
BRDA:175,17,1,0
BRDA:185,18,0,0
BRDA:185,18,1,0
BRDA:191,19,0,0
BRDA:191,19,1,0
BRDA:197,20,0,0
BRDA:197,20,1,0
BRDA:254,21,0,0
BRDA:254,21,1,0
BRDA:285,22,0,0
BRDA:285,22,1,0
BRDA:292,23,0,0
BRDA:292,23,1,0
BRDA:308,24,0,0
BRDA:308,24,1,0
BRDA:318,25,0,0
BRDA:318,25,1,0
BRDA:328,26,0,0
BRDA:328,26,1,0
BRDA:339,27,0,0
BRDA:339,27,1,0
BRDA:353,28,0,0
BRDA:353,28,1,0
BRF:59
BRH:0
end_of_record
TN:
SF:app/admin/settings.js
FN:4,AdminSettings
FNF:1
FNH:0
FNDA:0,AdminSettings
DA:5,0
DA:13,0
LF:2
LH:0
BRF:0
BRH:0
end_of_record
TN:
SF:app/announcements/[id].tsx
FN:18,AnnouncementDetailScreen
FN:29,(anonymous_1)
FN:36,(anonymous_2)
FN:37,(anonymous_3)
FN:63,(anonymous_4)
FN:73,(anonymous_5)
FN:74,(anonymous_6)
FN:86,(anonymous_7)
FN:107,(anonymous_8)
FN:156,(anonymous_9)
FNF:10
FNH:0
FNDA:0,AnnouncementDetailScreen
FNDA:0,(anonymous_1)
FNDA:0,(anonymous_2)
FNDA:0,(anonymous_3)
FNDA:0,(anonymous_4)
FNDA:0,(anonymous_5)
FNDA:0,(anonymous_6)
FNDA:0,(anonymous_7)
FNDA:0,(anonymous_8)
FNDA:0,(anonymous_9)
DA:19,0
DA:20,0
DA:21,0
DA:23,0
DA:24,0
DA:25,0
DA:26,0
DA:29,0
DA:30,0
DA:31,0
DA:36,0
DA:37,0
DA:38,0
DA:39,0
DA:40,0
DA:42,0
DA:44,0
DA:45,0
DA:47,0
DA:50,0
DA:51,0
DA:53,0
DA:57,0
DA:58,0
DA:63,0
DA:64,0
DA:65,0
DA:73,0
DA:74,0
DA:75,0
DA:81,0
DA:86,0
DA:107,0
DA:156,0
DA:166,0
LF:35
LH:0
BRDA:30,0,0,0
BRDA:30,0,1,0
BRDA:30,1,0,0
BRDA:30,1,1,0
BRDA:30,1,2,0
BRDA:44,2,0,0
BRDA:44,2,1,0
BRDA:57,3,0,0
BRDA:57,3,1,0
BRDA:76,4,0,0
BRDA:76,4,1,0
BRDA:96,5,0,0
BRDA:96,5,1,0
BRDA:101,6,0,0
BRDA:101,6,1,0
BRDA:112,7,0,0
BRDA:112,7,1,0
BRDA:119,8,0,0
BRDA:119,8,1,0
BRDA:125,9,0,0
BRDA:125,9,1,0
BRDA:125,9,2,0
BRDA:131,10,0,0
BRDA:131,10,1,0
BRDA:131,10,2,0
BRDA:140,11,0,0
BRDA:140,11,1,0
BRF:27
BRH:0
end_of_record
TN:
SF:app/announcements/index.tsx
FN:20,AnnouncementsScreen
FN:33,(anonymous_1)
FN:40,(anonymous_2)
FN:53,(anonymous_3)
FN:80,(anonymous_4)
FN:86,(anonymous_5)
FN:92,(anonymous_6)
FN:97,(anonymous_7)
FN:102,(anonymous_8)
FN:112,(anonymous_9)
FN:134,(anonymous_10)
FN:145,(anonymous_11)
FN:164,(anonymous_12)
FN:186,(anonymous_13)
FN:187,(anonymous_14)
FN:203,(anonymous_15)
FNF:16
FNH:0
FNDA:0,AnnouncementsScreen
FNDA:0,(anonymous_1)
FNDA:0,(anonymous_2)
FNDA:0,(anonymous_3)
FNDA:0,(anonymous_4)
FNDA:0,(anonymous_5)
FNDA:0,(anonymous_6)
FNDA:0,(anonymous_7)
FNDA:0,(anonymous_8)
FNDA:0,(anonymous_9)
FNDA:0,(anonymous_10)
FNDA:0,(anonymous_11)
FNDA:0,(anonymous_12)
FNDA:0,(anonymous_13)
FNDA:0,(anonymous_14)
FNDA:0,(anonymous_15)
DA:21,0
DA:22,0
DA:23,0
DA:25,0
DA:26,0
DA:27,0
DA:28,0
DA:29,0
DA:30,0
DA:33,0
DA:34,0
DA:35,0
DA:40,0
DA:41,0
DA:42,0
DA:44,0
DA:45,0
DA:48,0
DA:53,0
DA:54,0
DA:55,0
DA:56,0
DA:57,0
DA:58,0
DA:61,0
DA:63,0
DA:65,0
DA:67,0
DA:70,0
DA:71,0
DA:72,0
DA:74,0
DA:75,0
DA:80,0
DA:81,0
DA:82,0
DA:86,0
DA:87,0
DA:88,0
DA:92,0
DA:93,0
DA:97,0
DA:98,0
DA:102,0
DA:103,0
DA:104,0
DA:106,0
DA:112,0
DA:134,0
DA:135,0
DA:139,0
DA:146,0
DA:159,0
DA:164,0
DA:186,0
DA:187,0
DA:203,0
DA:229,0
LF:58
LH:0
BRDA:34,0,0,0
BRDA:34,0,1,0
BRDA:34,1,0,0
BRDA:34,1,1,0
BRDA:34,1,2,0
BRDA:44,2,0,0
BRDA:44,2,1,0
BRDA:44,3,0,0
BRDA:44,3,1,0
BRDA:57,4,0,0
BRDA:57,4,1,0
BRDA:63,5,0,0
BRDA:63,5,1,0
BRDA:63,6,0,0
BRDA:63,6,1,0
BRDA:103,7,0,0
BRDA:103,7,1,0
BRDA:110,8,0,0
BRDA:110,8,1,0
BRDA:114,9,0,0
BRDA:114,9,1,0
BRDA:135,10,0,0
BRDA:135,10,1,0
BRDA:143,11,0,0
BRDA:143,11,1,0
BRDA:146,12,0,0
BRDA:146,12,1,0
BRDA:151,13,0,0
BRDA:151,13,1,0
BRDA:153,14,0,0
BRDA:153,14,1,0
BRDA:171,15,0,0
BRDA:171,15,1,0
BRDA:180,16,0,0
BRDA:180,16,1,0
BRDA:187,17,0,0
BRDA:187,17,1,0
BRDA:194,18,0,0
BRDA:194,18,1,0
BRDA:194,19,0,0
BRDA:194,19,1,0
BRDA:217,20,0,0
BRDA:217,20,1,0
BRF:43
BRH:0
end_of_record
TN:
SF:app/auth/_layout.js
FN:4,AuthLayout
FNF:1
FNH:0
FNDA:0,AuthLayout
DA:5,0
DA:7,0
LF:2
LH:0
BRF:0
BRH:0
end_of_record
TN:
SF:app/auth/forgot-password.js
FN:14,ForgotPasswordScreen
FN:29,(anonymous_1)
FN:40,(anonymous_2)
FN:56,(anonymous_3)
FN:66,(anonymous_4)
FN:99,(anonymous_5)
FN:132,(anonymous_6)
FN:174,(anonymous_7)
FN:201,(anonymous_8)
FN:214,(anonymous_9)
FN:219,(anonymous_10)
FNF:11
FNH:0
FNDA:0,ForgotPasswordScreen
FNDA:0,(anonymous_1)
FNDA:0,(anonymous_2)
FNDA:0,(anonymous_3)
FNDA:0,(anonymous_4)
FNDA:0,(anonymous_5)
FNDA:0,(anonymous_6)
FNDA:0,(anonymous_7)
FNDA:0,(anonymous_8)
FNDA:0,(anonymous_9)
FNDA:0,(anonymous_10)
DA:15,0
DA:16,0
DA:18,0
DA:19,0
DA:20,0
DA:21,0
DA:22,0
DA:23,0
DA:24,0
DA:25,0
DA:26,0
DA:29,0
DA:30,0
DA:31,0
DA:32,0
DA:35,0
DA:36,0
DA:40,0
DA:41,0
DA:42,0
DA:43,0
DA:46,0
DA:47,0
DA:48,0
DA:51,0
DA:52,0
DA:56,0
DA:57,0
DA:58,0
DA:60,0
DA:61,0
DA:66,0
DA:68,0
DA:69,0
DA:72,0
DA:74,0
DA:76,0
DA:78,0
DA:84,0
DA:87,0
DA:89,0
DA:99,0
DA:103,0
DA:104,0
DA:108,0
DA:110,0
DA:112,0
DA:119,0
DA:121,0
DA:124,0
DA:125,0
DA:127,0
DA:132,0
DA:134,0
DA:135,0
DA:138,0
DA:139,0
DA:140,0
DA:143,0
DA:145,0
DA:147,0
DA:149,0
DA:156,0
DA:158,0
DA:159,0
DA:161,0
DA:163,0
DA:166,0
DA:167,0
DA:169,0
DA:174,0
DA:176,0
DA:177,0
DA:180,0
DA:182,0
DA:184,0
DA:186,0
DA:193,0
DA:195,0
DA:201,0
DA:206,0
DA:207,0
DA:209,0
DA:214,0
DA:215,0
DA:219,0
DA:220,0
DA:223,0
DA:361,0
LF:89
LH:0
BRDA:30,0,0,0
BRDA:30,0,1,0
BRDA:31,1,0,0
BRDA:31,1,1,0
BRDA:41,2,0,0
BRDA:41,2,1,0
BRDA:42,3,0,0
BRDA:42,3,1,0
BRDA:46,4,0,0
BRDA:46,4,1,0
BRDA:47,5,0,0
BRDA:47,5,1,0
BRDA:60,6,0,0
BRDA:60,6,1,0
BRDA:68,7,0,0
BRDA:68,7,1,0
BRDA:87,8,0,0
BRDA:87,8,1,0
BRDA:87,9,0,0
BRDA:87,9,1,0
BRDA:90,10,0,0
BRDA:90,10,1,0
BRDA:91,11,0,0
BRDA:91,11,1,0
BRDA:94,12,0,0
BRDA:94,12,1,0
BRDA:98,13,0,0
BRDA:98,13,1,0
BRDA:108,14,0,0
BRDA:108,14,1,0
BRDA:108,15,0,0
BRDA:108,15,1,0
BRDA:113,16,0,0
BRDA:113,16,1,0
BRDA:114,17,0,0
BRDA:114,17,1,0
BRDA:115,18,0,0
BRDA:115,18,1,0
BRDA:125,19,0,0
BRDA:125,19,1,0
BRDA:125,20,0,0
BRDA:125,20,1,0
BRDA:134,21,0,0
BRDA:134,21,1,0
BRDA:138,22,0,0
BRDA:138,22,1,0
BRDA:139,23,0,0
BRDA:139,23,1,0
BRDA:139,24,0,0
BRDA:139,24,1,0
BRDA:158,25,0,0
BRDA:158,25,1,0
BRDA:158,26,0,0
BRDA:158,26,1,0
BRDA:163,27,0,0
BRDA:163,27,1,0
BRDA:163,28,0,0
BRDA:163,28,1,0
BRDA:167,29,0,0
BRDA:167,29,1,0
BRDA:167,30,0,0
BRDA:167,30,1,0
BRDA:176,31,0,0
BRDA:176,31,1,0
BRDA:196,32,0,0
BRDA:196,32,1,0
BRDA:197,33,0,0
BRDA:197,33,1,0
BRDA:200,34,0,0
BRDA:200,34,1,0
BRDA:207,35,0,0
BRDA:207,35,1,0
BRDA:207,36,0,0
BRDA:207,36,1,0
BRDA:226,37,0,0
BRDA:226,37,1,0
BRDA:232,38,0,0
BRDA:232,38,1,0
BRDA:232,38,2,0
BRDA:233,39,0,0
BRDA:233,39,1,0
BRDA:233,39,2,0
BRDA:234,40,0,0
BRDA:234,40,1,0
BRDA:234,40,2,0
BRDA:238,41,0,0
BRDA:238,41,1,0
BRDA:240,42,0,0
BRDA:240,42,1,0
BRDA:242,43,0,0
BRDA:242,43,1,0
BRDA:243,44,0,0
BRDA:243,44,1,0
BRDA:249,45,0,0
BRDA:249,45,1,0
BRDA:254,46,0,0
BRDA:254,46,1,0
BRDA:254,47,0,0
BRDA:254,47,1,0
BRDA:254,48,0,0
BRDA:254,48,1,0
BRDA:256,49,0,0
BRDA:256,49,1,0
BRDA:264,50,0,0
BRDA:264,50,1,0
BRDA:266,51,0,0
BRDA:266,51,1,0
BRDA:268,52,0,0
BRDA:268,52,1,0
BRDA:277,53,0,0
BRDA:277,53,1,0
BRDA:277,54,0,0
BRDA:277,54,1,0
BRDA:277,55,0,0
BRDA:277,55,1,0
BRDA:279,56,0,0
BRDA:279,56,1,0
BRDA:286,57,0,0
BRDA:286,57,1,0
BRDA:296,58,0,0
BRDA:296,58,1,0
BRDA:298,59,0,0
BRDA:298,59,1,0
BRDA:300,60,0,0
BRDA:300,60,1,0
BRDA:308,61,0,0
BRDA:308,61,1,0
BRDA:310,62,0,0
BRDA:310,62,1,0
BRDA:311,63,0,0
BRDA:311,63,1,0
BRDA:317,64,0,0
BRDA:317,64,1,0
BRDA:322,65,0,0
BRDA:322,65,1,0
BRDA:322,66,0,0
BRDA:322,66,1,0
BRDA:322,67,0,0
BRDA:322,67,1,0
BRDA:324,68,0,0
BRDA:324,68,1,0
BRDA:324,68,2,0
BRDA:332,69,0,0
BRDA:332,69,1,0
BRDA:341,70,0,0
BRDA:341,70,1,0
BRDA:343,71,0,0
BRDA:343,71,1,0
BRDA:348,72,0,0
BRDA:348,72,1,0
BRDA:350,73,0,0
BRDA:350,73,1,0
BRF:152
BRH:0
end_of_record
TN:
SF:app/auth/index.js
FN:12,AuthIndexScreen
FN:18,(anonymous_1)
FN:25,(anonymous_2)
FN:30,(anonymous_3)
FN:35,(anonymous_4)
FNF:5
FNH:0
FNDA:0,AuthIndexScreen
FNDA:0,(anonymous_1)
FNDA:0,(anonymous_2)
FNDA:0,(anonymous_3)
FNDA:0,(anonymous_4)
DA:13,0
DA:14,0
DA:15,0
DA:18,0
DA:19,0
DA:20,0
DA:25,0
DA:26,0
DA:30,0
DA:31,0
DA:35,0
DA:36,0
DA:39,0
DA:76,0
LF:14
LH:0
BRDA:19,0,0,0
BRDA:19,0,1,0
BRF:2
BRH:0
end_of_record
TN:
SF:app/auth/login.js
FN:16,LoginScreen
FN:27,(anonymous_1)
FN:34,(anonymous_2)
FN:45,(anonymous_3)
FN:55,(anonymous_4)
FN:129,(anonymous_5)
FN:135,(anonymous_6)
FN:181,(anonymous_7)
FN:234,(anonymous_8)
FN:240,(anonymous_9)
FN:258,(anonymous_10)
FN:280,(anonymous_11)
FN:290,(anonymous_12)
FN:300,(anonymous_13)
FN:310,(anonymous_14)
FN:320,(anonymous_15)
FNF:16
FNH:0
FNDA:0,LoginScreen
FNDA:0,(anonymous_1)
FNDA:0,(anonymous_2)
FNDA:0,(anonymous_3)
FNDA:0,(anonymous_4)
FNDA:0,(anonymous_5)
FNDA:0,(anonymous_6)
FNDA:0,(anonymous_7)
FNDA:0,(anonymous_8)
FNDA:0,(anonymous_9)
FNDA:0,(anonymous_10)
FNDA:0,(anonymous_11)
FNDA:0,(anonymous_12)
FNDA:0,(anonymous_13)
FNDA:0,(anonymous_14)
FNDA:0,(anonymous_15)
DA:17,0
DA:18,0
DA:19,0
DA:21,0
DA:22,0
DA:23,0
DA:24,0
DA:27,0
DA:28,0
DA:29,0
DA:34,0
DA:35,0
DA:36,0
DA:37,0
DA:40,0
DA:41,0
DA:45,0
DA:47,0
DA:49,0
DA:50,0
DA:51,0
DA:55,0
DA:57,0
DA:58,0
DA:62,0
DA:63,0
DA:64,0
DA:67,0
DA:69,0
DA:71,0
DA:74,0
DA:81,0
DA:83,0
DA:84,0
DA:85,0
DA:88,0
DA:89,0
DA:90,0
DA:94,0
DA:95,0
DA:96,0
DA:97,0
DA:98,0
DA:99,0
DA:100,0
DA:101,0
DA:102,0
DA:103,0
DA:106,0
DA:113,0
DA:114,0
DA:116,0
DA:117,0
DA:120,0
DA:123,0
DA:129,0
DA:135,0
DA:136,0
DA:140,0
DA:141,0
DA:142,0
DA:143,0
DA:146,0
DA:147,0
DA:148,0
DA:151,0
DA:152,0
DA:153,0
DA:154,0
DA:155,0
DA:156,0
DA:157,0
DA:159,0
DA:162,0
DA:164,0
DA:166,0
DA:171,0
DA:172,0
DA:173,0
DA:175,0
DA:176,0
DA:177,0
DA:178,0
DA:179,0
DA:180,0
DA:181,0
DA:184,0
DA:186,0
DA:190,0
DA:191,0
DA:194,0
DA:200,0
DA:203,0
DA:211,0
DA:213,0
DA:222,0
DA:225,0
DA:228,0
DA:234,0
DA:240,0
DA:241,0
DA:244,0
DA:245,0
DA:250,0
DA:251,0
DA:253,0
DA:258,0
DA:259,0
DA:262,0
DA:281,0
DA:282,0
DA:291,0
DA:292,0
DA:301,0
DA:302,0
DA:311,0
DA:312,0
DA:321,0
DA:322,0
DA:382,0
LF:120
LH:0
BRDA:28,0,0,0
BRDA:28,0,1,0
BRDA:35,1,0,0
BRDA:35,1,1,0
BRDA:57,2,0,0
BRDA:57,2,1,0
BRDA:62,3,0,0
BRDA:62,3,1,0
BRDA:62,4,0,0
BRDA:62,4,1,0
BRDA:98,5,0,0
BRDA:98,5,1,0
BRDA:99,6,0,0
BRDA:99,6,1,0
BRDA:101,7,0,0
BRDA:101,7,1,0
BRDA:102,8,0,0
BRDA:102,8,1,0
BRDA:146,9,0,0
BRDA:146,9,1,0
BRDA:153,10,0,0
BRDA:153,10,1,0
BRDA:171,11,0,0
BRDA:171,11,1,0
BRDA:173,12,0,0
BRDA:173,12,1,0
BRDA:176,13,0,0
BRDA:176,13,1,0
BRDA:178,14,0,0
BRDA:178,14,1,0
BRDA:190,15,0,0
BRDA:190,15,1,0
BRDA:194,16,0,0
BRDA:194,16,1,0
BRDA:194,17,0,0
BRDA:194,17,1,0
BRDA:194,17,2,0
BRDA:194,17,3,0
BRDA:194,17,4,0
BRDA:194,17,5,0
BRDA:194,17,6,0
BRDA:194,17,7,0
BRDA:194,17,8,0
BRDA:194,17,9,0
BRDA:265,18,0,0
BRDA:265,18,1,0
BRDA:332,19,0,0
BRDA:332,19,1,0
BRDA:338,20,0,0
BRDA:338,20,1,0
BRDA:352,21,0,0
BRDA:352,21,1,0
BRDA:354,22,0,0
BRDA:354,22,1,0
BRDA:360,23,0,0
BRDA:360,23,1,0
BRF:56
BRH:0
end_of_record
TN:
SF:app/auth/register.js
FN:16,RegisterScreen
FN:35,(anonymous_1)
FN:42,(anonymous_2)
FN:76,(anonymous_3)
FN:87,(anonymous_4)
FN:101,(anonymous_5)
FN:111,(anonymous_6)
FN:144,(anonymous_7)
FN:169,(anonymous_8)
FN:312,(anonymous_9)
FN:364,(anonymous_10)
FN:384,(anonymous_11)
FN:402,(anonymous_12)
FN:417,(anonymous_13)
FN:422,(anonymous_14)
FN:522,(anonymous_15)
FN:545,(anonymous_16)
FN:568,(anonymous_17)
FNF:18
FNH:0
FNDA:0,RegisterScreen
FNDA:0,(anonymous_1)
FNDA:0,(anonymous_2)
FNDA:0,(anonymous_3)
FNDA:0,(anonymous_4)
FNDA:0,(anonymous_5)
FNDA:0,(anonymous_6)
FNDA:0,(anonymous_7)
FNDA:0,(anonymous_8)
FNDA:0,(anonymous_9)
FNDA:0,(anonymous_10)
FNDA:0,(anonymous_11)
FNDA:0,(anonymous_12)
FNDA:0,(anonymous_13)
FNDA:0,(anonymous_14)
FNDA:0,(anonymous_15)
FNDA:0,(anonymous_16)
FNDA:0,(anonymous_17)
DA:17,0
DA:18,0
DA:19,0
DA:21,0
DA:22,0
DA:23,0
DA:24,0
DA:25,0
DA:26,0
DA:27,0
DA:28,0
DA:29,0
DA:30,0
DA:31,0
DA:32,0
DA:35,0
DA:36,0
DA:37,0
DA:42,0
DA:44,0
DA:50,0
DA:56,0
DA:62,0
DA:64,0
DA:65,0
DA:67,0
DA:68,0
DA:69,0
DA:71,0
DA:76,0
DA:77,0
DA:78,0
DA:79,0
DA:82,0
DA:83,0
DA:87,0
DA:88,0
DA:89,0
DA:90,0
DA:92,0
DA:93,0
DA:94,0
DA:96,0
DA:97,0
DA:101,0
DA:103,0
DA:105,0
DA:106,0
DA:107,0
DA:111,0
DA:113,0
DA:114,0
DA:117,0
DA:119,0
DA:121,0
DA:123,0
DA:129,0
DA:132,0
DA:134,0
DA:144,0
DA:148,0
DA:152,0
DA:158,0
DA:161,0
DA:162,0
DA:164,0
DA:169,0
DA:171,0
DA:172,0
DA:175,0
DA:178,0
DA:179,0
DA:182,0
DA:185,0
DA:186,0
DA:193,0
DA:196,0
DA:197,0
DA:200,0
DA:201,0
DA:204,0
DA:209,0
DA:214,0
DA:215,0
DA:217,0
DA:220,0
DA:221,0
DA:224,0
DA:225,0
DA:228,0
DA:233,0
DA:238,0
DA:239,0
DA:243,0
DA:245,0
DA:248,0
DA:249,0
DA:250,0
DA:256,0
DA:257,0
DA:259,0
DA:266,0
DA:267,0
DA:268,0
DA:270,0
DA:271,0
DA:272,0
DA:273,0
DA:278,0
DA:279,0
DA:282,0
DA:283,0
DA:284,0
DA:286,0
DA:289,0
DA:292,0
DA:298,0
DA:304,0
DA:305,0
DA:307,0
DA:312,0
DA:314,0
DA:315,0
DA:318,0
DA:320,0
DA:322,0
DA:325,0
DA:334,0
DA:337,0
DA:338,0
DA:340,0
DA:341,0
DA:342,0
DA:343,0
DA:345,0
DA:346,0
DA:353,0
DA:354,0
DA:357,0
DA:360,0
DA:364,0
DA:367,0
DA:373,0
DA:375,0
DA:378,0
DA:384,0
DA:389,0
DA:392,0
DA:395,0
DA:396,0
DA:402,0
DA:408,0
DA:409,0
DA:412,0
DA:417,0
DA:418,0
DA:422,0
DA:423,0
DA:424,0
DA:425,0
DA:428,0
DA:429,0
DA:433,0
DA:522,0
DA:545,0
DA:568,0
DA:636,0
LF:167
LH:0
BRDA:36,0,0,0
BRDA:36,0,1,0
BRDA:67,1,0,0
BRDA:67,1,1,0
BRDA:77,2,0,0
BRDA:77,2,1,0
BRDA:88,3,0,0
BRDA:88,3,1,0
BRDA:92,4,0,0
BRDA:92,4,1,0
BRDA:113,5,0,0
BRDA:113,5,1,0
BRDA:132,6,0,0
BRDA:132,6,1,0
BRDA:132,7,0,0
BRDA:132,7,1,0
BRDA:135,8,0,0
BRDA:135,8,1,0
BRDA:136,9,0,0
BRDA:136,9,1,0
BRDA:139,10,0,0
BRDA:139,10,1,0
BRDA:143,11,0,0
BRDA:143,11,1,0
BRDA:153,12,0,0
BRDA:153,12,1,0
BRDA:154,13,0,0
BRDA:154,13,1,0
BRDA:171,14,0,0
BRDA:171,14,1,0
BRDA:178,15,0,0
BRDA:178,15,1,0
BRDA:178,16,0,0
BRDA:178,16,1,0
BRDA:200,17,0,0
BRDA:200,17,1,0
BRDA:266,18,0,0
BRDA:266,18,1,0
BRDA:270,19,0,0
BRDA:270,19,1,0
BRDA:283,20,0,0
BRDA:283,20,1,0
BRDA:283,21,0,0
BRDA:283,21,1,0
BRDA:283,21,2,0
BRDA:314,22,0,0
BRDA:314,22,1,0
BRDA:353,23,0,0
BRDA:353,23,1,0
BRDA:357,24,0,0
BRDA:357,24,1,0
BRDA:357,25,0,0
BRDA:357,25,1,0
BRDA:357,25,2,0
BRDA:373,26,0,0
BRDA:373,26,1,0
BRDA:373,27,0,0
BRDA:373,27,1,0
BRDA:373,27,2,0
BRDA:395,28,0,0
BRDA:395,28,1,0
BRDA:395,29,0,0
BRDA:395,29,1,0
BRDA:408,30,0,0
BRDA:408,30,1,0
BRDA:428,31,0,0
BRDA:428,31,1,0
BRDA:436,32,0,0
BRDA:436,32,1,0
BRDA:442,33,0,0
BRDA:442,33,1,0
BRDA:445,34,0,0
BRDA:445,34,1,0
BRDA:450,35,0,0
BRDA:450,35,1,0
BRDA:456,36,0,0
BRDA:456,36,1,0
BRDA:461,37,0,0
BRDA:461,37,1,0
BRDA:461,38,0,0
BRDA:461,38,1,0
BRDA:463,39,0,0
BRDA:463,39,1,0
BRDA:480,40,0,0
BRDA:480,40,1,0
BRDA:480,41,0,0
BRDA:480,41,1,0
BRDA:482,42,0,0
BRDA:482,42,1,0
BRDA:482,42,2,0
BRDA:488,43,0,0
BRDA:488,43,1,0
BRDA:520,44,0,0
BRDA:520,44,1,0
BRDA:528,45,0,0
BRDA:528,45,1,0
BRDA:533,46,0,0
BRDA:533,46,1,0
BRDA:543,47,0,0
BRDA:543,47,1,0
BRDA:551,48,0,0
BRDA:551,48,1,0
BRDA:556,49,0,0
BRDA:556,49,1,0
BRDA:566,50,0,0
BRDA:566,50,1,0
BRDA:574,51,0,0
BRDA:574,51,1,0
BRDA:579,52,0,0
BRDA:579,52,1,0
BRDA:602,53,0,0
BRDA:602,53,1,0
BRDA:607,54,0,0
BRDA:607,54,1,0
BRDA:612,55,0,0
BRDA:612,55,1,0
BRDA:614,56,0,0
BRDA:614,56,1,0
BRDA:614,56,2,0
BRDA:620,57,0,0
BRDA:620,57,1,0
BRF:121
BRH:0
end_of_record
TN:
SF:app/broadcast/[id].js
FN:21,(anonymous_0)
FN:48,(anonymous_1)
FN:50,(anonymous_2)
FN:64,(anonymous_3)
FN:80,BroadcastDetail
FN:88,(anonymous_5)
FN:89,(anonymous_6)
FN:107,(anonymous_7)
FN:112,(anonymous_8)
FN:139,(anonymous_9)
FN:141,(anonymous_10)
FN:151,(anonymous_11)
FN:171,(anonymous_12)
FN:183,(anonymous_13)
FN:195,(anonymous_14)
FN:214,(anonymous_15)
FN:227,(anonymous_16)
FN:238,(anonymous_17)
FNF:18
FNH:0
FNDA:0,(anonymous_0)
FNDA:0,(anonymous_1)
FNDA:0,(anonymous_2)
FNDA:0,(anonymous_3)
FNDA:0,BroadcastDetail
FNDA:0,(anonymous_5)
FNDA:0,(anonymous_6)
FNDA:0,(anonymous_7)
FNDA:0,(anonymous_8)
FNDA:0,(anonymous_9)
FNDA:0,(anonymous_10)
FNDA:0,(anonymous_11)
FNDA:0,(anonymous_12)
FNDA:0,(anonymous_13)
FNDA:0,(anonymous_14)
FNDA:0,(anonymous_15)
FNDA:0,(anonymous_16)
FNDA:0,(anonymous_17)
DA:11,0
DA:21,0
DA:22,0
DA:24,0
DA:26,0
DA:28,0
DA:30,0
DA:32,0
DA:34,0
DA:41,0
DA:43,0
DA:48,0
DA:50,0
DA:51,0
DA:52,0
DA:55,0
DA:64,0
DA:65,0
DA:81,0
DA:82,0
DA:84,0
DA:85,0
DA:88,0
DA:89,0
DA:90,0
DA:92,0
DA:93,0
DA:94,0
DA:96,0
DA:97,0
DA:98,0
DA:99,0
DA:103,0
DA:107,0
DA:108,0
DA:112,0
DA:113,0
DA:115,0
DA:117,0
DA:118,0
DA:126,0
DA:131,0
DA:133,0
DA:139,0
DA:141,0
DA:145,0
DA:147,0
DA:148,0
DA:150,0
DA:151,0
DA:157,0
DA:158,0
DA:166,0
DA:167,0
DA:171,0
DA:178,0
DA:179,0
DA:183,0
DA:190,0
DA:195,0
DA:214,0
DA:227,0
DA:238,0
DA:252,0
LF:64
LH:0
BRDA:22,0,0,0
BRDA:22,0,1,0
BRDA:22,0,2,0
BRDA:22,0,3,0
BRDA:22,0,4,0
BRDA:22,0,5,0
BRDA:22,0,6,0
BRDA:22,0,7,0
BRDA:57,1,0,0
BRDA:57,1,1,0
BRDA:96,2,0,0
BRDA:96,2,1,0
BRDA:97,3,0,0
BRDA:97,3,1,0
BRDA:145,4,0,0
BRDA:145,4,1,0
BRDA:147,5,0,0
BRDA:147,5,1,0
BRDA:157,6,0,0
BRDA:157,6,1,0
BRDA:166,7,0,0
BRDA:166,7,1,0
BRDA:178,8,0,0
BRDA:178,8,1,0
BRDA:211,9,0,0
BRDA:211,9,1,0
BRDA:211,9,2,0
BRDA:211,9,3,0
BRDA:221,10,0,0
BRDA:221,10,1,0
BRDA:235,11,0,0
BRDA:235,11,1,0
BRDA:235,11,2,0
BRDA:235,11,3,0
BRDA:242,12,0,0
BRDA:242,12,1,0
BRF:36
BRH:0
end_of_record
TN:
SF:app/broadcast/_layout.js
FN:3,BroadcastLayout
FNF:1
FNH:0
FNDA:0,BroadcastLayout
DA:4,0
LF:1
LH:0
BRF:0
BRH:0
end_of_record
TN:
SF:app/broadcast/index.tsx
FN:34,BroadcastScreen
FN:40,(anonymous_1)
FN:47,(anonymous_2)
FNF:3
FNH:0
FNDA:0,BroadcastScreen
FNDA:0,(anonymous_1)
FNDA:0,(anonymous_2)
DA:35,0
DA:36,0
DA:37,0
DA:40,0
DA:41,0
DA:42,0
DA:47,0
DA:50,0
DA:53,0
DA:56,0
DA:88,0
LF:11
LH:0
BRDA:41,0,0,0
BRDA:41,0,1,0
BRF:2
BRH:0
end_of_record
TN:
SF:app/broadcast/record.tsx
FN:33,RecordScreen
FN:42,(anonymous_1)
FN:61,(anonymous_2)
FN:68,(anonymous_3)
FN:69,(anonymous_4)
FN:81,(anonymous_5)
FN:94,(anonymous_6)
FN:117,(anonymous_7)
FN:122,(anonymous_8)
FN:137,(anonymous_9)
FN:167,(anonymous_10)
FN:176,(anonymous_11)
FN:194,(anonymous_12)
FN:216,(anonymous_13)
FN:224,(anonymous_14)
FN:231,(anonymous_15)
FN:259,(anonymous_16)
FN:266,(anonymous_17)
FN:297,(anonymous_18)
FN:302,(anonymous_19)
FN:307,(anonymous_20)
FN:318,(anonymous_21)
FN:319,(anonymous_22)
FN:332,(anonymous_23)
FN:356,(anonymous_24)
FN:385,(anonymous_25)
FN:423,(anonymous_26)
FN:456,(anonymous_27)
FN:532,(anonymous_28)
FN:543,(anonymous_29)
FN:561,(anonymous_30)
FN:562,(anonymous_31)
FN:591,(anonymous_32)
FN:626,(anonymous_33)
FN:667,(anonymous_34)
FN:680,(anonymous_35)
FN:701,(anonymous_36)
FN:728,(anonymous_37)
FN:769,(anonymous_38)
FN:795,(anonymous_39)
FN:840,(anonymous_40)
FN:914,(anonymous_41)
FN:945,(anonymous_42)
FN:952,(anonymous_43)
FN:981,(anonymous_44)
FN:1053,(anonymous_45)
FN:1076,(anonymous_46)
FNF:47
FNH:0
FNDA:0,RecordScreen
FNDA:0,(anonymous_1)
FNDA:0,(anonymous_2)
FNDA:0,(anonymous_3)
FNDA:0,(anonymous_4)
FNDA:0,(anonymous_5)
FNDA:0,(anonymous_6)
FNDA:0,(anonymous_7)
FNDA:0,(anonymous_8)
FNDA:0,(anonymous_9)
FNDA:0,(anonymous_10)
FNDA:0,(anonymous_11)
FNDA:0,(anonymous_12)
FNDA:0,(anonymous_13)
FNDA:0,(anonymous_14)
FNDA:0,(anonymous_15)
FNDA:0,(anonymous_16)
FNDA:0,(anonymous_17)
FNDA:0,(anonymous_18)
FNDA:0,(anonymous_19)
FNDA:0,(anonymous_20)
FNDA:0,(anonymous_21)
FNDA:0,(anonymous_22)
FNDA:0,(anonymous_23)
FNDA:0,(anonymous_24)
FNDA:0,(anonymous_25)
FNDA:0,(anonymous_26)
FNDA:0,(anonymous_27)
FNDA:0,(anonymous_28)
FNDA:0,(anonymous_29)
FNDA:0,(anonymous_30)
FNDA:0,(anonymous_31)
FNDA:0,(anonymous_32)
FNDA:0,(anonymous_33)
FNDA:0,(anonymous_34)
FNDA:0,(anonymous_35)
FNDA:0,(anonymous_36)
FNDA:0,(anonymous_37)
FNDA:0,(anonymous_38)
FNDA:0,(anonymous_39)
FNDA:0,(anonymous_40)
FNDA:0,(anonymous_41)
FNDA:0,(anonymous_42)
FNDA:0,(anonymous_43)
FNDA:0,(anonymous_44)
FNDA:0,(anonymous_45)
FNDA:0,(anonymous_46)
DA:18,0
DA:21,0
DA:24,0
DA:27,0
DA:34,0
DA:35,0
DA:36,0
DA:37,0
DA:38,0
DA:39,0
DA:42,0
DA:44,0
DA:49,0
DA:50,0
DA:51,0
DA:52,0
DA:53,0
DA:54,0
DA:55,0
DA:56,0
DA:57,0
DA:58,0
DA:59,0
DA:60,0
DA:61,0
DA:63,0
DA:64,0
DA:65,0
DA:68,0
DA:69,0
DA:71,0
DA:72,0
DA:81,0
DA:84,0
DA:85,0
DA:87,0
DA:91,0
DA:94,0
DA:95,0
DA:96,0
DA:98,0
DA:99,0
DA:101,0
DA:102,0
DA:104,0
DA:105,0
DA:107,0
DA:108,0
DA:111,0
DA:117,0
DA:122,0
DA:123,0
DA:124,0
DA:125,0
DA:127,0
DA:128,0
DA:131,0
DA:132,0
DA:137,0
DA:138,0
DA:140,0
DA:142,0
DA:151,0
DA:159,0
DA:161,0
DA:167,0
DA:168,0
DA:170,0
DA:172,0
DA:173,0
DA:176,0
DA:177,0
DA:178,0
DA:179,0
DA:182,0
DA:183,0
DA:187,0
DA:190,0
DA:194,0
DA:195,0
DA:196,0
DA:197,0
DA:201,0
DA:204,0
DA:207,0
DA:211,0
DA:216,0
DA:217,0
DA:218,0
DA:219,0
DA:224,0
DA:226,0
DA:227,0
DA:231,0
DA:233,0
DA:236,0
DA:251,0
DA:255,0
DA:259,0
DA:261,0
DA:262,0
DA:266,0
DA:268,0
DA:271,0
DA:274,0
DA:289,0
DA:293,0
DA:297,0
DA:298,0
DA:299,0
DA:302,0
DA:307,0
DA:308,0
DA:309,0
DA:310,0
DA:311,0
DA:312,0
DA:315,0
DA:318,0
DA:319,0
DA:320,0
DA:321,0
DA:322,0
DA:323,0
DA:325,0
DA:332,0
DA:333,0
DA:334,0
DA:335,0
DA:336,0
DA:339,0
DA:340,0
DA:341,0
DA:345,0
DA:348,0
DA:349,0
DA:356,0
DA:357,0
DA:358,0
DA:361,0
DA:363,0
DA:364,0
DA:368,0
DA:369,0
DA:370,0
DA:371,0
DA:372,0
DA:374,0
DA:375,0
DA:387,0
DA:388,0
DA:390,0
DA:396,0
DA:401,0
DA:402,0
DA:403,0
DA:404,0
DA:406,0
DA:407,0
DA:409,0
DA:412,0
DA:414,0
DA:423,0
DA:426,0
DA:427,0
DA:436,0
DA:445,0
DA:447,0
DA:450,0
DA:458,0
DA:467,0
DA:471,0
DA:472,0
DA:473,0
DA:476,0
DA:506,0
DA:507,0
DA:508,0
DA:510,0
DA:511,0
DA:512,0
DA:513,0
DA:515,0
DA:516,0
DA:518,0
DA:519,0
DA:523,0
DA:532,0
DA:534,0
DA:543,0
DA:547,0
DA:548,0
DA:549,0
DA:551,0
DA:552,0
DA:555,0
DA:558,0
DA:561,0
DA:562,0
DA:563,0
DA:564,0
DA:565,0
DA:566,0
DA:568,0
DA:572,0
DA:574,0
DA:575,0
DA:578,0
DA:580,0
DA:582,0
DA:591,0
DA:594,0
DA:602,0
DA:608,0
DA:609,0
DA:616,0
DA:620,0
DA:621,0
DA:626,0
DA:627,0
DA:629,0
DA:630,0
DA:631,0
DA:634,0
DA:637,0
DA:638,0
DA:639,0
DA:643,0
DA:646,0
DA:649,0
DA:650,0
DA:651,0
DA:652,0
DA:653,0
DA:656,0
DA:657,0
DA:658,0
DA:661,0
DA:662,0
DA:667,0
DA:668,0
DA:670,0
DA:681,0
DA:682,0
DA:683,0
DA:684,0
DA:686,0
DA:687,0
DA:688,0
DA:689,0
DA:696,0
DA:701,0
DA:702,0
DA:703,0
DA:706,0
DA:707,0
DA:708,0
DA:709,0
DA:711,0
DA:712,0
DA:713,0
DA:717,0
DA:718,0
DA:720,0
DA:721,0
DA:723,0
DA:724,0
DA:725,0
DA:728,0
DA:729,0
DA:731,0
DA:732,0
DA:734,0
DA:740,0
DA:741,0
DA:742,0
DA:744,0
DA:752,0
DA:756,0
DA:757,0
DA:758,0
DA:759,0
DA:760,0
DA:763,0
DA:764,0
DA:769,0
DA:770,0
DA:771,0
DA:776,0
DA:777,0
DA:778,0
DA:779,0
DA:780,0
DA:787,0
DA:791,0
DA:792,0
DA:797,0
DA:799,0
DA:800,0
DA:802,0
DA:808,0
DA:809,0
DA:810,0
DA:812,0
DA:821,0
DA:822,0
DA:823,0
DA:826,0
DA:833,0
DA:834,0
DA:835,0
DA:840,0
DA:841,0
DA:842,0
DA:843,0
DA:846,0
DA:848,0
DA:850,0
DA:852,0
DA:853,0
DA:857,0
DA:860,0
DA:863,0
DA:869,0
DA:872,0
DA:879,0
DA:882,0
DA:883,0
DA:886,0
DA:887,0
DA:891,0
DA:899,0
DA:907,0
DA:908,0
DA:914,0
DA:919,0
DA:922,0
DA:924,0
DA:925,0
DA:926,0
DA:928,0
DA:931,0
DA:935,0
DA:940,0
DA:945,0
DA:946,0
DA:947,0
DA:948,0
DA:952,0
DA:954,0
DA:955,0
DA:959,0
DA:960,0
DA:965,0
DA:972,0
DA:982,0
DA:1053,0
DA:1076,0
DA:1086,0
LF:359
LH:0
BRDA:95,0,0,0
BRDA:95,0,1,0
BRDA:98,1,0,0
BRDA:98,1,1,0
BRDA:101,2,0,0
BRDA:101,2,1,0
BRDA:104,3,0,0
BRDA:104,3,1,0
BRDA:127,4,0,0
BRDA:127,4,1,0
BRDA:140,5,0,0
BRDA:140,5,1,0
BRDA:168,6,0,0
BRDA:168,6,1,0
BRDA:178,7,0,0
BRDA:178,7,1,0
BRDA:183,8,0,0
BRDA:183,8,1,0
BRDA:183,9,0,0
BRDA:183,9,1,0
BRDA:217,10,0,0
BRDA:217,10,1,0
BRDA:226,11,0,0
BRDA:226,11,1,0
BRDA:261,12,0,0
BRDA:261,12,1,0
BRDA:271,13,0,0
BRDA:271,13,1,0
BRDA:298,14,0,0
BRDA:298,14,1,0
BRDA:308,15,0,0
BRDA:308,15,1,0
BRDA:321,16,0,0
BRDA:321,16,1,0
BRDA:333,17,0,0
BRDA:333,17,1,0
BRDA:333,18,0,0
BRDA:333,18,1,0
BRDA:339,19,0,0
BRDA:339,19,1,0
BRDA:361,20,0,0
BRDA:361,20,1,0
BRDA:368,21,0,0
BRDA:368,21,1,0
BRDA:374,22,0,0
BRDA:374,22,1,0
BRDA:387,23,0,0
BRDA:387,23,1,0
BRDA:401,24,0,0
BRDA:401,24,1,0
BRDA:426,25,0,0
BRDA:426,25,1,0
BRDA:476,26,0,0
BRDA:476,26,1,0
BRDA:510,27,0,0
BRDA:510,27,1,0
BRDA:518,28,0,0
BRDA:518,28,1,0
BRDA:564,29,0,0
BRDA:564,29,1,0
BRDA:574,30,0,0
BRDA:574,30,1,0
BRDA:578,31,0,0
BRDA:578,31,1,0
BRDA:578,32,0,0
BRDA:578,32,1,0
BRDA:629,33,0,0
BRDA:629,33,1,0
BRDA:629,34,0,0
BRDA:629,34,1,0
BRDA:634,35,0,0
BRDA:634,35,1,0
BRDA:637,36,0,0
BRDA:637,36,1,0
BRDA:651,37,0,0
BRDA:651,37,1,0
BRDA:656,38,0,0
BRDA:656,38,1,0
BRDA:681,39,0,0
BRDA:681,39,1,0
BRDA:703,40,0,0
BRDA:703,40,1,0
BRDA:706,41,0,0
BRDA:706,41,1,0
BRDA:708,42,0,0
BRDA:708,42,1,0
BRDA:717,43,0,0
BRDA:717,43,1,0
BRDA:729,44,0,0
BRDA:729,44,1,0
BRDA:731,45,0,0
BRDA:731,45,1,0
BRDA:732,46,0,0
BRDA:732,46,1,0
BRDA:736,47,0,0
BRDA:736,47,1,0
BRDA:740,48,0,0
BRDA:740,48,1,0
BRDA:746,49,0,0
BRDA:746,49,1,0
BRDA:756,50,0,0
BRDA:756,50,1,0
BRDA:756,51,0,0
BRDA:756,51,1,0
BRDA:776,52,0,0
BRDA:776,52,1,0
BRDA:797,53,0,0
BRDA:797,53,1,0
BRDA:799,54,0,0
BRDA:799,54,1,0
BRDA:800,55,0,0
BRDA:800,55,1,0
BRDA:804,56,0,0
BRDA:804,56,1,0
BRDA:808,57,0,0
BRDA:808,57,1,0
BRDA:814,58,0,0
BRDA:814,58,1,0
BRDA:841,59,0,0
BRDA:841,59,1,0
BRDA:852,60,0,0
BRDA:852,60,1,0
BRDA:860,61,0,0
BRDA:860,61,1,0
BRDA:863,62,0,0
BRDA:863,62,1,0
BRDA:865,63,0,0
BRDA:865,63,1,0
BRDA:886,64,0,0
BRDA:886,64,1,0
BRDA:886,65,0,0
BRDA:886,65,1,0
BRDA:895,66,0,0
BRDA:895,66,1,0
BRDA:922,67,0,0
BRDA:922,67,1,0
BRDA:926,68,0,0
BRDA:926,68,1,0
BRDA:937,69,0,0
BRDA:937,69,1,0
BRDA:954,70,0,0
BRDA:954,70,1,0
BRDA:959,71,0,0
BRDA:959,71,1,0
BRDA:1001,72,0,0
BRDA:1001,72,1,0
BRDA:1003,73,0,0
BRDA:1003,73,1,0
BRDA:1004,74,0,0
BRDA:1004,74,1,0
BRDA:1008,75,0,0
BRDA:1008,75,1,0
BRDA:1029,76,0,0
BRDA:1029,76,1,0
BRDA:1040,77,0,0
BRDA:1040,77,1,0
BRDA:1060,78,0,0
BRDA:1060,78,1,0
BRDA:1069,79,0,0
BRDA:1069,79,1,0
BRF:160
BRH:0
end_of_record
TN:
SF:app/broadcast/reply.tsx
FN:20,BroadcastReplyScreen
FN:40,(anonymous_1)
FN:41,(anonymous_2)
FN:56,(anonymous_3)
FN:96,(anonymous_4)
FN:97,(anonymous_5)
FN:107,(anonymous_6)
FN:119,(anonymous_7)
FN:138,(anonymous_8)
FN:168,(anonymous_9)
FN:186,(anonymous_10)
FN:196,(anonymous_11)
FN:244,(anonymous_12)
FN:274,(anonymous_13)
FNF:14
FNH:0
FNDA:0,BroadcastReplyScreen
FNDA:0,(anonymous_1)
FNDA:0,(anonymous_2)
FNDA:0,(anonymous_3)
FNDA:0,(anonymous_4)
FNDA:0,(anonymous_5)
FNDA:0,(anonymous_6)
FNDA:0,(anonymous_7)
FNDA:0,(anonymous_8)
FNDA:0,(anonymous_9)
FNDA:0,(anonymous_10)
FNDA:0,(anonymous_11)
FNDA:0,(anonymous_12)
FNDA:0,(anonymous_13)
DA:21,0
DA:22,0
DA:23,0
DA:24,0
DA:26,0
DA:27,0
DA:28,0
DA:30,0
DA:31,0
DA:32,0
DA:33,0
DA:34,0
DA:35,0
DA:36,0
DA:38,0
DA:40,0
DA:41,0
DA:43,0
DA:44,0
DA:46,0
DA:47,0
DA:49,0
DA:50,0
DA:56,0
DA:57,0
DA:59,0
DA:60,0
DA:61,0
DA:62,0
DA:63,0
DA:65,0
DA:66,0
DA:67,0
DA:70,0
DA:71,0
DA:75,0
DA:76,0
DA:77,0
DA:78,0
DA:79,0
DA:82,0
DA:87,0
DA:91,0
DA:92,0
DA:93,0
DA:96,0
DA:97,0
DA:100,0
DA:101,0
DA:107,0
DA:108,0
DA:110,0
DA:111,0
DA:112,0
DA:114,0
DA:115,0
DA:116,0
DA:117,0
DA:119,0
DA:120,0
DA:121,0
DA:125,0
DA:127,0
DA:129,0
DA:131,0
DA:132,0
DA:138,0
DA:139,0
DA:140,0
DA:141,0
DA:144,0
DA:146,0
DA:147,0
DA:150,0
DA:151,0
DA:152,0
DA:159,0
DA:165,0
DA:170,0
DA:175,0
DA:176,0
DA:181,0
DA:186,0
DA:187,0
DA:188,0
DA:189,0
DA:191,0
DA:192,0
DA:193,0
DA:196,0
DA:197,0
DA:198,0
DA:199,0
DA:202,0
DA:244,0
DA:274,0
DA:284,0
LF:97
LH:0
BRDA:43,0,0,0
BRDA:43,0,1,0
BRDA:46,1,0,0
BRDA:46,1,1,0
BRDA:49,2,0,0
BRDA:49,2,1,0
BRDA:57,3,0,0
BRDA:57,3,1,0
BRDA:62,4,0,0
BRDA:62,4,1,0
BRDA:66,5,0,0
BRDA:66,5,1,0
BRDA:77,6,0,0
BRDA:77,6,1,0
BRDA:108,7,0,0
BRDA:108,7,1,0
BRDA:110,8,0,0
BRDA:110,8,1,0
BRDA:110,9,0,0
BRDA:110,9,1,0
BRDA:115,10,0,0
BRDA:115,10,1,0
BRDA:120,11,0,0
BRDA:120,11,1,0
BRDA:120,12,0,0
BRDA:120,12,1,0
BRDA:139,13,0,0
BRDA:139,13,1,0
BRDA:178,14,0,0
BRDA:178,14,1,0
BRDA:187,15,0,0
BRDA:187,15,1,0
BRDA:214,16,0,0
BRDA:214,16,1,0
BRDA:226,17,0,0
BRDA:226,17,1,0
BRDA:229,18,0,0
BRDA:229,18,1,0
BRDA:249,19,0,0
BRDA:249,19,1,0
BRDA:260,20,0,0
BRDA:260,20,1,0
BRF:42
BRH:0
end_of_record
TN:
SF:app/constants/theme.ts
FNF:0
FNH:0
DA:5,0
DA:54,0
DA:63,0
LF:3
LH:0
BRF:0
BRH:0
end_of_record
TN:
SF:app/context/AuthContext.tsx
FN:25,(anonymous_0)
FN:33,(anonymous_1)
FN:39,(anonymous_2)
FN:40,(anonymous_3)
FN:78,(anonymous_4)
FN:86,(anonymous_5)
FN:93,(anonymous_6)
FN:117,(anonymous_7)
FN:175,(anonymous_8)
FNF:9
FNH:0
FNDA:0,(anonymous_0)
FNDA:0,(anonymous_1)
FNDA:0,(anonymous_2)
FNDA:0,(anonymous_3)
FNDA:0,(anonymous_4)
FNDA:0,(anonymous_5)
FNDA:0,(anonymous_6)
FNDA:0,(anonymous_7)
FNDA:0,(anonymous_8)
DA:23,0
DA:25,0
DA:26,0
DA:27,0
DA:28,0
DA:30,0
DA:33,0
DA:34,0
DA:35,0
DA:36,0
DA:39,0
DA:40,0
DA:41,0
DA:42,0
DA:43,0
DA:45,0
DA:46,0
DA:48,0
DA:49,0
DA:51,0
DA:52,0
DA:54,0
DA:55,0
DA:56,0
DA:57,0
DA:59,0
DA:61,0
DA:62,0
DA:65,0
DA:68,0
DA:70,0
DA:72,0
DA:73,0
DA:78,0
DA:79,0
DA:80,0
DA:84,0
DA:86,0
DA:87,0
DA:88,0
DA:93,0
DA:94,0
DA:95,0
DA:98,0
DA:99,0
DA:100,0
DA:103,0
DA:106,0
DA:107,0
DA:109,0
DA:111,0
DA:112,0
DA:117,0
DA:118,0
DA:119,0
DA:120,0
DA:121,0
DA:124,0
DA:125,0
DA:126,0
DA:128,0
DA:133,0
DA:134,0
DA:135,0
DA:136,0
DA:137,0
DA:140,0
DA:141,0
DA:144,0
DA:145,0
DA:147,0
DA:148,0
DA:149,0
DA:150,0
DA:151,0
DA:152,0
DA:155,0
DA:160,0
DA:161,0
DA:163,0
DA:166,0
DA:167,0
DA:169,0
DA:170,0
DA:175,0
DA:176,0
DA:178,0
DA:179,0
DA:182,0
DA:183,0
DA:184,0
DA:185,0
DA:186,0
DA:187,0
DA:188,0
DA:191,0
DA:196,0
DA:205,0
LF:98
LH:0
BRDA:27,0,0,0
BRDA:27,0,1,0
BRDA:48,1,0,0
BRDA:48,1,1,0
BRDA:49,2,0,0
BRDA:49,2,1,0
BRDA:51,3,0,0
BRDA:51,3,1,0
BRDA:51,4,0,0
BRDA:51,4,1,0
BRDA:120,5,0,0
BRDA:120,5,1,0
BRDA:144,6,0,0
BRDA:144,6,1,0
BRDA:148,7,0,0
BRDA:148,7,1,0
BRDA:148,8,0,0
BRDA:148,8,1,0
BRDA:176,9,0,0
BRDA:176,9,1,0
BRDA:184,10,0,0
BRDA:184,10,1,0
BRF:22
BRH:0
end_of_record
TN:
SF:app/conversations/[id].js
FN:16,ConversationDetail
FN:40,(anonymous_1)
FN:79,(anonymous_2)
FN:94,(anonymous_3)
FN:101,(anonymous_4)
FN:107,(anonymous_5)
FN:111,(anonymous_6)
FN:117,(anonymous_7)
FN:127,(anonymous_8)
FN:147,(anonymous_9)
FN:154,(anonymous_10)
FN:173,(anonymous_11)
FN:223,(anonymous_12)
FN:227,(anonymous_13)
FN:253,(anonymous_14)
FN:260,(anonymous_15)
FN:264,(anonymous_16)
FN:278,(anonymous_17)
FN:308,(anonymous_18)
FN:314,(anonymous_19)
FN:319,(anonymous_20)
FN:369,(anonymous_21)
FN:399,(anonymous_22)
FN:402,(anonymous_23)
FN:403,(anonymous_24)
FN:410,(anonymous_25)
FN:415,(anonymous_26)
FN:422,(anonymous_27)
FNF:28
FNH:0
FNDA:0,ConversationDetail
FNDA:0,(anonymous_1)
FNDA:0,(anonymous_2)
FNDA:0,(anonymous_3)
FNDA:0,(anonymous_4)
FNDA:0,(anonymous_5)
FNDA:0,(anonymous_6)
FNDA:0,(anonymous_7)
FNDA:0,(anonymous_8)
FNDA:0,(anonymous_9)
FNDA:0,(anonymous_10)
FNDA:0,(anonymous_11)
FNDA:0,(anonymous_12)
FNDA:0,(anonymous_13)
FNDA:0,(anonymous_14)
FNDA:0,(anonymous_15)
FNDA:0,(anonymous_16)
FNDA:0,(anonymous_17)
FNDA:0,(anonymous_18)
FNDA:0,(anonymous_19)
FNDA:0,(anonymous_20)
FNDA:0,(anonymous_21)
FNDA:0,(anonymous_22)
FNDA:0,(anonymous_23)
FNDA:0,(anonymous_24)
FNDA:0,(anonymous_25)
FNDA:0,(anonymous_26)
FNDA:0,(anonymous_27)
DA:17,0
DA:18,0
DA:19,0
DA:21,0
DA:22,0
DA:23,0
DA:24,0
DA:25,0
DA:26,0
DA:27,0
DA:28,0
DA:29,0
DA:30,0
DA:31,0
DA:32,0
DA:33,0
DA:34,0
DA:36,0
DA:37,0
DA:40,0
DA:41,0
DA:42,0
DA:45,0
DA:46,0
DA:49,0
DA:52,0
DA:53,0
DA:56,0
DA:59,0
DA:60,0
DA:61,0
DA:65,0
DA:66,0
DA:67,0
DA:70,0
DA:71,0
DA:73,0
DA:74,0
DA:79,0
DA:80,0
DA:82,0
DA:83,0
DA:84,0
DA:86,0
DA:88,0
DA:89,0
DA:94,0
DA:95,0
DA:96,0
DA:98,0
DA:101,0
DA:102,0
DA:105,0
DA:107,0
DA:111,0
DA:112,0
DA:113,0
DA:117,0
DA:118,0
DA:119,0
DA:128,0
DA:130,0
DA:133,0
DA:136,0
DA:147,0
DA:150,0
DA:153,0
DA:154,0
DA:155,0
DA:159,0
DA:160,0
DA:167,0
DA:168,0
DA:173,0
DA:174,0
DA:175,0
DA:176,0
DA:177,0
DA:181,0
DA:182,0
DA:183,0
DA:186,0
DA:189,0
DA:190,0
DA:193,0
DA:194,0
DA:197,0
DA:198,0
DA:204,0
DA:207,0
DA:213,0
DA:216,0
DA:217,0
DA:219,0
DA:224,0
DA:226,0
DA:227,0
DA:228,0
DA:236,0
DA:237,0
DA:240,0
DA:242,0
DA:253,0
DA:254,0
DA:256,0
DA:261,0
DA:263,0
DA:264,0
DA:265,0
DA:273,0
DA:278,0
DA:280,0
DA:283,0
DA:285,0
DA:290,0
DA:292,0
DA:309,0
DA:310,0
DA:311,0
DA:315,0
DA:316,0
DA:320,0
DA:321,0
DA:322,0
DA:339,0
DA:363,0
DA:369,0
DA:399,0
DA:402,0
DA:403,0
DA:411,0
DA:412,0
DA:413,0
DA:415,0
DA:422,0
DA:452,0
LF:136
LH:0
BRDA:52,0,0,0
BRDA:52,0,1,0
BRDA:56,1,0,0
BRDA:56,1,1,0
BRDA:60,2,0,0
BRDA:60,2,1,0
BRDA:66,3,0,0
BRDA:66,3,1,0
BRDA:70,4,0,0
BRDA:70,4,1,0
BRDA:83,5,0,0
BRDA:83,5,1,0
BRDA:95,6,0,0
BRDA:95,6,1,0
BRDA:95,7,0,0
BRDA:95,7,1,0
BRDA:95,7,2,0
BRDA:153,8,0,0
BRDA:153,8,1,0
BRDA:175,9,0,0
BRDA:175,9,1,0
BRDA:181,10,0,0
BRDA:181,10,1,0
BRDA:194,11,0,0
BRDA:194,11,1,0
BRDA:199,12,0,0
BRDA:199,12,1,0
BRDA:221,13,0,0
BRDA:221,13,1,0
BRDA:226,14,0,0
BRDA:226,14,1,0
BRDA:236,15,0,0
BRDA:236,15,1,0
BRDA:240,16,0,0
BRDA:240,16,1,0
BRDA:248,17,0,0
BRDA:248,17,1,0
BRDA:258,18,0,0
BRDA:258,18,1,0
BRDA:263,19,0,0
BRDA:263,19,1,0
BRDA:283,20,0,0
BRDA:283,20,1,0
BRDA:290,21,0,0
BRDA:290,21,1,0
BRDA:295,22,0,0
BRDA:295,22,1,0
BRDA:299,23,0,0
BRDA:299,23,1,0
BRDA:305,24,0,0
BRDA:305,24,1,0
BRDA:307,25,0,0
BRDA:307,25,1,0
BRDA:309,26,0,0
BRDA:309,26,1,0
BRDA:315,27,0,0
BRDA:315,27,1,0
BRDA:320,28,0,0
BRDA:320,28,1,0
BRDA:331,29,0,0
BRDA:331,29,1,0
BRDA:342,30,0,0
BRDA:342,30,1,0
BRDA:346,31,0,0
BRDA:346,31,1,0
BRDA:354,32,0,0
BRDA:354,32,1,0
BRDA:375,33,0,0
BRDA:375,33,1,0
BRDA:376,34,0,0
BRDA:376,34,1,0
BRDA:379,35,0,0
BRDA:379,35,1,0
BRDA:389,36,0,0
BRDA:389,36,1,0
BRDA:407,37,0,0
BRDA:407,37,1,0
BRDA:419,38,0,0
BRDA:419,38,1,0
BRDA:425,39,0,0
BRDA:425,39,1,0
BRDA:438,40,0,0
BRDA:438,40,1,0
BRF:83
BRH:0
end_of_record
TN:
SF:app/conversations/index.js
FN:12,ConversationListScreen
FN:19,(anonymous_1)
FN:44,(anonymous_2)
FN:48,(anonymous_3)
FN:53,(anonymous_4)
FN:57,(anonymous_5)
FN:77,(anonymous_6)
FN:92,(anonymous_7)
FN:132,(anonymous_8)
FN:161,(anonymous_9)
FNF:10
FNH:0
FNDA:0,ConversationListScreen
FNDA:0,(anonymous_1)
FNDA:0,(anonymous_2)
FNDA:0,(anonymous_3)
FNDA:0,(anonymous_4)
FNDA:0,(anonymous_5)
FNDA:0,(anonymous_6)
FNDA:0,(anonymous_7)
FNDA:0,(anonymous_8)
FNDA:0,(anonymous_9)
DA:13,0
DA:14,0
DA:15,0
DA:16,0
DA:17,0
DA:19,0
DA:20,0
DA:21,0
DA:23,0
DA:26,0
DA:27,0
DA:30,0
DA:32,0
DA:33,0
DA:36,0
DA:37,0
DA:39,0
DA:40,0
DA:44,0
DA:45,0
DA:48,0
DA:49,0
DA:50,0
DA:53,0
DA:54,0
DA:57,0
DA:58,0
DA:60,0
DA:61,0
DA:62,0
DA:64,0
DA:66,0
DA:67,0
DA:69,0
DA:70,0
DA:73,0
DA:77,0
DA:79,0
DA:80,0
DA:83,0
DA:86,0
DA:92,0
DA:132,0
DA:133,0
DA:144,0
DA:145,0
DA:153,0
DA:161,0
DA:178,0
LF:49
LH:0
BRDA:26,0,0,0
BRDA:26,0,1,0
BRDA:26,1,0,0
BRDA:26,1,1,0
BRDA:58,2,0,0
BRDA:58,2,1,0
BRDA:64,3,0,0
BRDA:64,3,1,0
BRDA:67,4,0,0
BRDA:67,4,1,0
BRDA:79,5,0,0
BRDA:79,5,1,0
BRDA:80,6,0,0
BRDA:80,6,1,0
BRDA:83,7,0,0
BRDA:83,7,1,0
BRDA:90,8,0,0
BRDA:90,8,1,0
BRDA:96,9,0,0
BRDA:96,9,1,0
BRDA:106,10,0,0
BRDA:106,10,1,0
BRDA:111,11,0,0
BRDA:111,11,1,0
BRDA:113,12,0,0
BRDA:113,12,1,0
BRDA:113,13,0,0
BRDA:113,13,1,0
BRDA:116,14,0,0
BRDA:116,14,1,0
BRDA:122,15,0,0
BRDA:122,15,1,0
BRDA:122,15,2,0
BRDA:144,16,0,0
BRDA:144,16,1,0
BRDA:144,17,0,0
BRDA:144,17,1,0
BRDA:163,18,0,0
BRDA:163,18,1,0
BRF:39
BRH:0
end_of_record
TN:
SF:app/i18n/index.js
FN:11,(anonymous_0)
FN:32,(anonymous_1)
FN:47,(anonymous_2)
FN:61,(anonymous_3)
FN:91,(anonymous_4)
FNF:5
FNH:0
FNDA:0,(anonymous_0)
FNDA:0,(anonymous_1)
FNDA:0,(anonymous_2)
FNDA:0,(anonymous_3)
FNDA:0,(anonymous_4)
DA:11,0
DA:12,0
DA:13,0
DA:15,0
DA:16,0
DA:17,0
DA:19,0
DA:20,0
DA:23,0
DA:26,0
DA:27,0
DA:32,0
DA:33,0
DA:35,0
DA:36,0
DA:39,0
DA:41,0
DA:42,0
DA:47,0
DA:48,0
DA:50,0
DA:51,0
DA:54,0
DA:56,0
DA:61,0
DA:62,0
DA:63,0
DA:65,0
DA:69,0
DA:91,0
DA:92,0
DA:93,0
DA:96,0
DA:97,0
DA:98,0
DA:100,0
DA:103,0
DA:108,0
DA:109,0
LF:39
LH:0
BRDA:13,0,0,0
BRDA:13,0,1,0
BRDA:15,1,0,0
BRDA:15,1,1,0
BRDA:17,2,0,0
BRDA:17,2,1,0
BRDA:19,3,0,0
BRDA:19,3,1,0
BRDA:35,4,0,0
BRDA:35,4,1,0
BRDA:35,5,0,0
BRDA:35,5,1,0
BRDA:36,6,0,0
BRDA:36,6,1,0
BRDA:50,7,0,0
BRDA:50,7,1,0
BRDA:50,8,0,0
BRDA:50,8,1,0
BRDA:63,9,0,0
BRDA:63,9,1,0
BRDA:65,10,0,0
BRDA:65,10,1,0
BRDA:96,11,0,0
BRDA:96,11,1,0
BRDA:96,12,0,0
BRDA:96,12,1,0
BRDA:98,13,0,0
BRDA:98,13,1,0
BRDA:108,14,0,0
BRDA:108,14,1,0
BRF:30
BRH:0
end_of_record
TN:
SF:app/lib/axios.ts
FN:30,(anonymous_0)
FN:31,(anonymous_1)
FN:35,(anonymous_2)
FN:36,(anonymous_3)
FN:40,(anonymous_4)
FN:46,(anonymous_5)
FN:90,(anonymous_6)
FN:100,(anonymous_7)
FN:105,(anonymous_8)
FN:111,(anonymous_9)
FN:116,(anonymous_10)
FN:148,(anonymous_11)
FN:209,(anonymous_12)
FN:307,(anonymous_13)
FN:320,(anonymous_14)
FN:340,(anonymous_15)
FN:384,(anonymous_16)
FN:392,(anonymous_17)
FN:463,(anonymous_18)
FN:495,(anonymous_19)
FN:517,(anonymous_20)
FN:525,(anonymous_21)
FN:535,(anonymous_22)
FN:621,(anonymous_23)
FN:674,(anonymous_24)
FN:728,(anonymous_25)
FN:797,(anonymous_26)
FN:798,(anonymous_27)
FN:799,(anonymous_28)
FN:800,(anonymous_29)
FNF:30
FNH:0
FNDA:0,(anonymous_0)
FNDA:0,(anonymous_1)
FNDA:0,(anonymous_2)
FNDA:0,(anonymous_3)
FNDA:0,(anonymous_4)
FNDA:0,(anonymous_5)
FNDA:0,(anonymous_6)
FNDA:0,(anonymous_7)
FNDA:0,(anonymous_8)
FNDA:0,(anonymous_9)
FNDA:0,(anonymous_10)
FNDA:0,(anonymous_11)
FNDA:0,(anonymous_12)
FNDA:0,(anonymous_13)
FNDA:0,(anonymous_14)
FNDA:0,(anonymous_15)
FNDA:0,(anonymous_16)
FNDA:0,(anonymous_17)
FNDA:0,(anonymous_18)
FNDA:0,(anonymous_19)
FNDA:0,(anonymous_20)
FNDA:0,(anonymous_21)
FNDA:0,(anonymous_22)
FNDA:0,(anonymous_23)
FNDA:0,(anonymous_24)
FNDA:0,(anonymous_25)
FNDA:0,(anonymous_26)
FNDA:0,(anonymous_27)
FNDA:0,(anonymous_28)
FNDA:0,(anonymous_29)
DA:13,0
DA:16,0
DA:19,0
DA:22,0
DA:25,0
DA:27,0
DA:30,0
DA:31,0
DA:35,0
DA:36,0
DA:40,0
DA:41,0
DA:42,0
DA:45,0
DA:46,0
DA:48,0
DA:49,0
DA:51,0
DA:60,0
DA:62,0
DA:63,0
DA:64,0
DA:65,0
DA:67,0
DA:68,0
DA:71,0
DA:72,0
DA:77,0
DA:80,0
DA:90,0
DA:91,0
DA:97,0
DA:99,0
DA:101,0
DA:105,0
DA:106,0
DA:108,0
DA:110,0
DA:112,0
DA:116,0
DA:117,0
DA:124,0
DA:132,0
DA:134,0
DA:135,0
DA:137,0
DA:141,0
DA:150,0
DA:153,0
DA:210,0
DA:212,0
DA:214,0
DA:215,0
DA:218,0
DA:219,0
DA:220,0
DA:221,0
DA:222,0
DA:223,0
DA:227,0
DA:230,0
DA:231,0
DA:234,0
DA:247,0
DA:262,0
DA:263,0
DA:275,0
DA:286,0
DA:288,0
DA:301,0
DA:308,0
DA:309,0
DA:321,0
DA:322,0
DA:341,0
DA:385,0
DA:386,0
DA:393,0
DA:463,0
DA:464,0
DA:466,0
DA:467,0
DA:468,0
DA:471,0
DA:474,0
DA:475,0
DA:476,0
DA:477,0
DA:479,0
DA:480,0
DA:484,0
DA:485,0
DA:486,0
DA:489,0
DA:490,0
DA:494,0
DA:497,0
DA:498,0
DA:502,0
DA:506,0
DA:507,0
DA:508,0
DA:509,0
DA:512,0
DA:515,0
DA:518,0
DA:519,0
DA:524,0
DA:527,0
DA:528,0
DA:533,0
DA:537,0
DA:538,0
DA:541,0
DA:542,0
DA:543,0
DA:544,0
DA:547,0
DA:548,0
DA:549,0
DA:551,0
DA:552,0
DA:553,0
DA:554,0
DA:556,0
DA:561,0
DA:564,0
DA:565,0
DA:567,0
DA:570,0
DA:572,0
DA:575,0
DA:579,0
DA:580,0
DA:581,0
DA:585,0
DA:586,0
DA:587,0
DA:588,0
DA:589,0
DA:592,0
DA:594,0
DA:596,0
DA:597,0
DA:599,0
DA:600,0
DA:601,0
DA:604,0
DA:610,0
DA:611,0
DA:612,0
DA:616,0
DA:621,0
DA:622,0
DA:624,0
DA:625,0
DA:626,0
DA:627,0
DA:629,0
DA:633,0
DA:635,0
DA:636,0
DA:637,0
DA:638,0
DA:641,0
DA:642,0
DA:643,0
DA:644,0
DA:645,0
DA:646,0
DA:648,0
DA:649,0
DA:658,0
DA:661,0
DA:663,0
DA:674,0
DA:675,0
DA:677,0
DA:678,0
DA:679,0
DA:680,0
DA:682,0
DA:686,0
DA:688,0
DA:689,0
DA:690,0
DA:691,0
DA:694,0
DA:695,0
DA:696,0
DA:697,0
DA:698,0
DA:699,0
DA:701,0
DA:703,0
DA:712,0
DA:715,0
DA:717,0
DA:728,0
DA:729,0
DA:730,0
DA:737,0
DA:738,0
DA:742,0
DA:743,0
DA:744,0
DA:747,0
DA:750,0
DA:751,0
DA:752,0
DA:755,0
DA:763,0
DA:766,0
DA:767,0
DA:768,0
DA:771,0
DA:772,0
DA:775,0
DA:776,0
DA:779,0
DA:788,0
DA:797,0
DA:798,0
DA:799,0
DA:800,0
LF:225
LH:0
BRDA:19,0,0,0
BRDA:19,0,1,0
BRDA:27,1,0,0
BRDA:27,1,1,0
BRDA:62,2,0,0
BRDA:62,2,1,0
BRDA:91,3,0,0
BRDA:91,3,1,0
BRDA:91,4,0,0
BRDA:91,4,1,0
BRDA:91,4,2,0
BRDA:91,4,3,0
BRDA:91,4,4,0
BRDA:106,5,0,0
BRDA:106,5,1,0
BRDA:106,6,0,0
BRDA:106,6,1,0
BRDA:218,7,0,0
BRDA:218,7,1,0
BRDA:221,8,0,0
BRDA:221,8,1,0
BRDA:230,9,0,0
BRDA:230,9,1,0
BRDA:262,10,0,0
BRDA:262,10,1,0
BRDA:286,11,0,0
BRDA:286,11,1,0
BRDA:468,12,0,0
BRDA:468,12,1,0
BRDA:474,13,0,0
BRDA:474,13,1,0
BRDA:484,14,0,0
BRDA:484,14,1,0
BRDA:497,15,0,0
BRDA:497,15,1,0
BRDA:498,16,0,0
BRDA:498,16,1,0
BRDA:499,17,0,0
BRDA:499,17,1,0
BRDA:500,18,0,0
BRDA:500,18,1,0
BRDA:500,19,0,0
BRDA:500,19,1,0
BRDA:508,20,0,0
BRDA:508,20,1,0
BRDA:527,21,0,0
BRDA:527,21,1,0
BRDA:528,22,0,0
BRDA:528,22,1,0
BRDA:530,23,0,0
BRDA:530,23,1,0
BRDA:537,24,0,0
BRDA:537,24,1,0
BRDA:541,25,0,0
BRDA:541,25,1,0
BRDA:548,26,0,0
BRDA:548,26,1,0
BRDA:551,27,0,0
BRDA:551,27,1,0
BRDA:553,28,0,0
BRDA:553,28,1,0
BRDA:564,29,0,0
BRDA:564,29,1,0
BRDA:570,30,0,0
BRDA:570,30,1,0
BRDA:579,31,0,0
BRDA:579,31,1,0
BRDA:585,32,0,0
BRDA:585,32,1,0
BRDA:587,33,0,0
BRDA:587,33,1,0
BRDA:592,34,0,0
BRDA:592,34,1,0
BRDA:592,35,0,0
BRDA:592,35,1,0
BRDA:599,36,0,0
BRDA:599,36,1,0
BRDA:611,37,0,0
BRDA:611,37,1,0
BRDA:624,38,0,0
BRDA:624,38,1,0
BRDA:626,39,0,0
BRDA:626,39,1,0
BRDA:641,40,0,0
BRDA:641,40,1,0
BRDA:641,41,0,0
BRDA:641,41,1,0
BRDA:677,42,0,0
BRDA:677,42,1,0
BRDA:679,43,0,0
BRDA:679,43,1,0
BRDA:694,44,0,0
BRDA:694,44,1,0
BRDA:694,45,0,0
BRDA:694,45,1,0
BRDA:706,46,0,0
BRDA:706,46,1,0
BRDA:707,47,0,0
BRDA:707,47,1,0
BRDA:708,48,0,0
BRDA:708,48,1,0
BRDA:720,49,0,0
BRDA:720,49,1,0
BRDA:721,50,0,0
BRDA:721,50,1,0
BRDA:722,51,0,0
BRDA:722,51,1,0
BRDA:728,52,0,0
BRDA:737,53,0,0
BRDA:737,53,1,0
BRDA:742,54,0,0
BRDA:742,54,1,0
BRDA:750,55,0,0
BRDA:750,55,1,0
BRDA:766,56,0,0
BRDA:766,56,1,0
BRDA:772,57,0,0
BRDA:772,57,1,0
BRDA:775,58,0,0
BRDA:775,58,1,0
BRDA:775,59,0,0
BRDA:775,59,1,0
BRDA:790,60,0,0
BRDA:790,60,1,0
BRF:124
BRH:0
end_of_record
TN:
SF:app/lib/models.js
FNF:0
FNH:0
DA:2,0
LF:1
LH:0
BRF:0
BRH:0
end_of_record
TN:
SF:app/lib/mockData/announcements.js
FN:7,(anonymous_0)
FN:40,(anonymous_1)
FNF:2
FNH:0
FNDA:0,(anonymous_0)
FNDA:0,(anonymous_1)
DA:5,0
DA:8,0
DA:41,0
DA:44,0
DA:53,0
DA:55,0
DA:63,0
DA:65,0
DA:73,0
DA:75,0
DA:83,0
DA:86,0
LF:12
LH:0
BRDA:53,0,0,0
BRDA:53,0,1,0
BRDA:53,0,2,0
BRF:3
BRH:0
end_of_record
TN:
SF:app/lib/mockData/auth.js
FN:6,(anonymous_0)
FN:32,(anonymous_1)
FN:49,(anonymous_2)
FN:68,(anonymous_3)
FNF:4
FNH:0
FNDA:0,(anonymous_0)
FNDA:0,(anonymous_1)
FNDA:0,(anonymous_2)
FNDA:0,(anonymous_3)
DA:6,0
DA:7,0
DA:8,0
DA:10,0
DA:11,0
DA:12,0
DA:14,0
DA:18,0
DA:34,0
DA:35,0
DA:37,0
DA:51,0
DA:52,0
DA:53,0
DA:56,0
DA:59,0
DA:68,0
DA:70,0
DA:71,0
DA:72,0
DA:85,0
DA:86,0
DA:87,0
DA:90,0
LF:24
LH:0
BRDA:34,0,0,0
BRDA:34,0,1,0
BRDA:43,1,0,0
BRDA:43,1,1,0
BRDA:51,2,0,0
BRDA:51,2,1,0
BRDA:52,3,0,0
BRDA:52,3,1,0
BRDA:68,4,0,0
BRDA:68,4,1,0
BRDA:70,5,0,0
BRDA:70,5,1,0
BRDA:87,6,0,0
BRDA:87,6,1,0
BRF:14
BRH:0
end_of_record
TN:
SF:app/lib/mockData/broadcasts.js
FN:6,(anonymous_0)
FNF:1
FNH:0
FNDA:0,(anonymous_0)
DA:5,0
DA:8,0
DA:9,0
DA:10,0
DA:12,0
LF:5
LH:0
BRF:0
BRH:0
end_of_record
TN:
SF:app/lib/mockData/conversations.js
FN:7,(anonymous_0)
FN:69,(anonymous_1)
FN:167,(anonymous_2)
FNF:3
FNH:0
FNDA:0,(anonymous_0)
FNDA:0,(anonymous_1)
FNDA:0,(anonymous_2)
DA:5,0
DA:9,0
DA:12,0
DA:70,0
DA:72,0
DA:74,0
DA:75,0
DA:78,0
DA:79,0
DA:80,0
DA:81,0
DA:82,0
DA:83,0
DA:87,0
DA:90,0
DA:91,0
DA:94,0
DA:107,0
DA:122,0
DA:123,0
DA:135,0
DA:146,0
DA:148,0
DA:160,0
DA:168,0
DA:169,0
LF:26
LH:0
BRDA:78,0,0,0
BRDA:78,0,1,0
BRDA:81,1,0,0
BRDA:81,1,1,0
BRDA:90,2,0,0
BRDA:90,2,1,0
BRDA:122,3,0,0
BRDA:122,3,1,0
BRDA:146,4,0,0
BRDA:146,4,1,0
BRF:10
BRH:0
end_of_record
TN:
SF:app/lib/mockData/index.js
FNF:0
FNH:0
DA:18,0
LF:1
LH:0
BRF:0
BRH:0
end_of_record
TN:
SF:app/lib/mockData/notifications.js
FN:7,(anonymous_0)
FN:52,(anonymous_1)
FN:61,(anonymous_2)
FNF:3
FNH:0
FNDA:0,(anonymous_0)
FNDA:0,(anonymous_1)
FNDA:0,(anonymous_2)
DA:5,0
DA:8,0
DA:53,0
DA:54,0
DA:62,0
LF:5
LH:0
BRF:0
BRH:0
end_of_record
TN:
SF:app/lib/mockData/user.js
FN:36,(anonymous_0)
FN:56,(anonymous_1)
FNF:2
FNH:0
FNDA:0,(anonymous_0)
FNDA:0,(anonymous_1)
DA:6,0
DA:37,0
DA:38,0
DA:40,0
DA:57,0
DA:58,0
DA:60,0
LF:7
LH:0
BRDA:38,0,0,0
BRDA:38,0,1,0
BRDA:45,1,0,0
BRDA:45,1,1,0
BRDA:46,2,0,0
BRDA:46,2,1,0
BRDA:48,3,0,0
BRDA:48,3,1,0
BRDA:49,4,0,0
BRDA:49,4,1,0
BRDA:58,5,0,0
BRDA:58,5,1,0
BRDA:65,6,0,0
BRDA:65,6,1,0
BRDA:66,7,0,0
BRDA:66,7,1,0
BRDA:68,8,0,0
BRDA:68,8,1,0
BRDA:69,9,0,0
BRDA:69,9,1,0
BRF:20
BRH:0
end_of_record
TN:
SF:app/lib/mockData/wallet.js
FN:7,(anonymous_0)
FN:40,(anonymous_1)
FNF:2
FNH:0
FNDA:0,(anonymous_0)
FNDA:0,(anonymous_1)
DA:5,0
DA:8,0
DA:41,0
LF:3
LH:0
BRF:0
BRH:0
end_of_record
TN:
SF:app/profile/_layout.js
FN:4,ProfileLayout
FNF:1
FNH:0
FNDA:0,ProfileLayout
DA:5,0
LF:1
LH:0
BRF:0
BRH:0
end_of_record
TN:
SF:app/profile/index.tsx
FN:33,(anonymous_0)
FN:43,(anonymous_1)
FN:52,ProfileScreen
FN:67,(anonymous_3)
FN:74,(anonymous_4)
FN:115,(anonymous_5)
FN:116,(anonymous_6)
FN:120,(anonymous_7)
FN:142,(anonymous_8)
FN:233,(anonymous_9)
FN:291,(anonymous_10)
FN:301,(anonymous_11)
FN:310,(anonymous_12)
FN:321,(anonymous_13)
FN:360,(anonymous_14)
FN:365,(anonymous_15)
FN:370,(anonymous_16)
FN:407,(anonymous_17)
FN:417,(anonymous_18)
FN:500,(anonymous_19)
FN:523,(anonymous_20)
FN:543,(anonymous_21)
FN:549,(anonymous_22)
FN:556,(anonymous_23)
FN:578,(anonymous_24)
FNF:25
FNH:0
FNDA:0,(anonymous_0)
FNDA:0,(anonymous_1)
FNDA:0,ProfileScreen
FNDA:0,(anonymous_3)
FNDA:0,(anonymous_4)
FNDA:0,(anonymous_5)
FNDA:0,(anonymous_6)
FNDA:0,(anonymous_7)
FNDA:0,(anonymous_8)
FNDA:0,(anonymous_9)
FNDA:0,(anonymous_10)
FNDA:0,(anonymous_11)
FNDA:0,(anonymous_12)
FNDA:0,(anonymous_13)
FNDA:0,(anonymous_14)
FNDA:0,(anonymous_15)
FNDA:0,(anonymous_16)
FNDA:0,(anonymous_17)
FNDA:0,(anonymous_18)
FNDA:0,(anonymous_19)
FNDA:0,(anonymous_20)
FNDA:0,(anonymous_21)
FNDA:0,(anonymous_22)
FNDA:0,(anonymous_23)
FNDA:0,(anonymous_24)
DA:29,0
DA:33,0
DA:34,0
DA:35,0
DA:36,0
DA:37,0
DA:38,0
DA:43,0
DA:44,0
DA:45,0
DA:46,0
DA:47,0
DA:48,0
DA:53,0
DA:54,0
DA:55,0
DA:56,0
DA:57,0
DA:58,0
DA:59,0
DA:60,0
DA:61,0
DA:62,0
DA:63,0
DA:64,0
DA:67,0
DA:68,0
DA:69,0
DA:74,0
DA:75,0
DA:76,0
DA:77,0
DA:80,0
DA:83,0
DA:85,0
DA:87,0
DA:89,0
DA:92,0
DA:93,0
DA:94,0
DA:96,0
DA:98,0
DA:99,0
DA:101,0
DA:105,0
DA:106,0
DA:107,0
DA:110,0
DA:115,0
DA:116,0
DA:120,0
DA:121,0
DA:122,0
DA:125,0
DA:126,0
DA:128,0
DA:131,0
DA:132,0
DA:137,0
DA:142,0
DA:150,0
DA:151,0
DA:152,0
DA:155,0
DA:156,0
DA:159,0
DA:161,0
DA:162,0
DA:168,0
DA:169,0
DA:170,0
DA:171,0
DA:172,0
DA:174,0
DA:179,0
DA:191,0
DA:192,0
DA:196,0
DA:198,0
DA:201,0
DA:202,0
DA:203,0
DA:205,0
DA:207,0
DA:208,0
DA:210,0
DA:214,0
DA:215,0
DA:218,0
DA:219,0
DA:220,0
DA:221,0
DA:222,0
DA:223,0
DA:226,0
DA:228,0
DA:233,0
DA:234,0
DA:235,0
DA:239,0
DA:242,0
DA:243,0
DA:246,0
DA:248,0
DA:251,0
DA:252,0
DA:253,0
DA:255,0
DA:256,0
DA:257,0
DA:258,0
DA:259,0
DA:261,0
DA:262,0
DA:266,0
DA:269,0
DA:275,0
DA:276,0
DA:277,0
DA:280,0
DA:281,0
DA:286,0
DA:291,0
DA:293,0
DA:295,0
DA:303,0
DA:304,0
DA:310,0
DA:311,0
DA:322,0
DA:323,0
DA:325,0
DA:328,0
DA:329,0
DA:330,0
DA:331,0
DA:332,0
DA:334,0
DA:338,0
DA:339,0
DA:342,0
DA:344,0
DA:345,0
DA:350,0
DA:360,0
DA:361,0
DA:365,0
DA:366,0
DA:370,0
DA:371,0
DA:373,0
DA:374,0
DA:376,0
DA:377,0
DA:379,0
DA:380,0
DA:382,0
DA:383,0
DA:385,0
DA:388,0
DA:407,0
DA:408,0
DA:410,0
DA:417,0
DA:440,0
DA:501,0
DA:502,0
DA:523,0
DA:543,0
DA:549,0
DA:557,0
DA:558,0
DA:560,0
DA:578,0
DA:622,0
LF:175
LH:0
BRDA:34,0,0,0
BRDA:34,0,1,0
BRDA:34,0,2,0
BRDA:34,0,3,0
BRDA:44,1,0,0
BRDA:44,1,1,0
BRDA:44,1,2,0
BRDA:44,1,3,0
BRDA:68,2,0,0
BRDA:68,2,1,0
BRDA:83,3,0,0
BRDA:83,3,1,0
BRDA:83,3,2,0
BRDA:85,4,0,0
BRDA:85,4,1,0
BRDA:92,5,0,0
BRDA:92,5,1,0
BRDA:93,6,0,0
BRDA:93,6,1,0
BRDA:98,7,0,0
BRDA:98,7,1,0
BRDA:105,8,0,0
BRDA:105,8,1,0
BRDA:107,9,0,0
BRDA:107,9,1,0
BRDA:133,10,0,0
BRDA:133,10,1,0
BRDA:134,11,0,0
BRDA:134,11,1,0
BRDA:155,12,0,0
BRDA:155,12,1,0
BRDA:159,13,0,0
BRDA:159,13,1,0
BRDA:161,14,0,0
BRDA:161,14,1,0
BRDA:168,15,0,0
BRDA:168,15,1,0
BRDA:172,16,0,0
BRDA:172,16,1,0
BRDA:180,17,0,0
BRDA:180,17,1,0
BRDA:191,18,0,0
BRDA:191,18,1,0
BRDA:201,19,0,0
BRDA:201,19,1,0
BRDA:202,20,0,0
BRDA:202,20,1,0
BRDA:207,21,0,0
BRDA:207,21,1,0
BRDA:214,22,0,0
BRDA:214,22,1,0
BRDA:218,23,0,0
BRDA:218,23,1,0
BRDA:220,24,0,0
BRDA:220,24,1,0
BRDA:222,25,0,0
BRDA:222,25,1,0
BRDA:234,26,0,0
BRDA:234,26,1,0
BRDA:236,27,0,0
BRDA:236,27,1,0
BRDA:237,28,0,0
BRDA:237,28,1,0
BRDA:253,29,0,0
BRDA:253,29,1,0
BRDA:256,30,0,0
BRDA:256,30,1,0
BRDA:270,31,0,0
BRDA:270,31,1,0
BRDA:271,32,0,0
BRDA:271,32,1,0
BRDA:282,33,0,0
BRDA:282,33,1,0
BRDA:283,34,0,0
BRDA:283,34,1,0
BRDA:299,35,0,0
BRDA:299,35,1,0
BRDA:300,36,0,0
BRDA:300,36,1,0
BRDA:312,37,0,0
BRDA:312,37,1,0
BRDA:313,38,0,0
BRDA:313,38,1,0
BRDA:316,39,0,0
BRDA:316,39,1,0
BRDA:320,40,0,0
BRDA:320,40,1,0
BRDA:346,41,0,0
BRDA:346,41,1,0
BRDA:347,42,0,0
BRDA:347,42,1,0
BRDA:371,43,0,0
BRDA:371,43,1,0
BRDA:374,44,0,0
BRDA:374,44,1,0
BRDA:374,44,2,0
BRDA:374,44,3,0
BRDA:415,45,0,0
BRDA:415,45,1,0
BRDA:425,46,0,0
BRDA:425,46,1,0
BRDA:430,47,0,0
BRDA:430,47,1,0
BRDA:460,48,0,0
BRDA:460,48,1,0
BRDA:467,49,0,0
BRDA:467,49,1,0
BRDA:476,50,0,0
BRDA:476,50,1,0
BRDA:480,51,0,0
BRDA:480,51,1,0
BRDA:540,52,0,0
BRDA:540,52,1,0
BRDA:557,53,0,0
BRDA:557,53,1,0
BRDA:561,54,0,0
BRDA:561,54,1,0
BRDA:562,55,0,0
BRDA:562,55,1,0
BRDA:575,56,0,0
BRDA:575,56,1,0
BRF:121
BRH:0
end_of_record
TN:
SF:app/services/api.ts
FN:19,(anonymous_0)
FN:30,(anonymous_1)
FN:37,(anonymous_2)
FN:40,(anonymous_3)
FNF:4
FNH:0
FNDA:0,(anonymous_0)
FNDA:0,(anonymous_1)
FNDA:0,(anonymous_2)
FNDA:0,(anonymous_3)
DA:6,0
DA:9,0
DA:18,0
DA:20,0
DA:21,0
DA:22,0
DA:23,0
DA:26,0
DA:28,0
DA:31,0
DA:36,0
DA:38,0
DA:41,0
DA:43,0
DA:46,0
LF:15
LH:0
BRDA:6,0,0,0
BRDA:6,0,1,0
BRDA:22,1,0,0
BRDA:22,1,1,0
BRDA:41,2,0,0
BRDA:41,2,1,0
BRF:6
BRH:0
end_of_record
TN:
SF:app/services/profileService.js
FN:13,(anonymous_0)
FN:32,(anonymous_1)
FN:49,(anonymous_2)
FN:76,(anonymous_3)
FN:97,(anonymous_4)
FNF:5
FNH:0
FNDA:0,(anonymous_0)
FNDA:0,(anonymous_1)
FNDA:0,(anonymous_2)
FNDA:0,(anonymous_3)
FNDA:0,(anonymous_4)
DA:8,0
DA:14,0
DA:15,0
DA:16,0
DA:18,0
DA:19,0
DA:33,0
DA:34,0
DA:37,0
DA:39,0
DA:40,0
DA:50,0
DA:52,0
DA:55,0
DA:57,0
DA:59,0
DA:61,0
DA:64,0
DA:66,0
DA:67,0
DA:77,0
DA:79,0
DA:80,0
DA:82,0
DA:87,0
DA:88,0
DA:98,0
DA:99,0
DA:100,0
DA:102,0
DA:103,0
LF:31
LH:0
BRF:0
BRH:0
end_of_record
TN:
SF:app/services/reportService.js
FN:16,(anonymous_0)
FN:36,(anonymous_1)
FN:51,(anonymous_2)
FN:66,(anonymous_3)
FN:80,(anonymous_4)
FNF:5
FNH:0
FNDA:0,(anonymous_0)
FNDA:0,(anonymous_1)
FNDA:0,(anonymous_2)
FNDA:0,(anonymous_3)
FNDA:0,(anonymous_4)
DA:6,0
DA:17,0
DA:18,0
DA:21,0
DA:23,0
DA:24,0
DA:37,0
DA:38,0
DA:39,0
DA:41,0
DA:42,0
DA:52,0
DA:53,0
DA:54,0
DA:56,0
DA:57,0
DA:67,0
DA:68,0
DA:69,0
DA:71,0
DA:72,0
DA:81,0
DA:82,0
DA:83,0
DA:85,0
DA:86,0
LF:26
LH:0
BRDA:36,0,0,0
BRF:1
BRH:0
end_of_record
TN:
SF:app/settings/account.tsx
FN:20,AccountSettingsScreen
FN:33,(anonymous_1)
FN:34,(anonymous_2)
FN:51,(anonymous_3)
FN:61,(anonymous_4)
FN:68,(anonymous_5)
FN:73,(anonymous_6)
FN:78,(anonymous_7)
FN:97,(anonymous_8)
FN:112,(anonymous_9)
FN:183,(anonymous_10)
FN:212,(anonymous_11)
FN:225,(anonymous_12)
FN:238,(anonymous_13)
FN:254,(anonymous_14)
FNF:15
FNH:0
FNDA:0,AccountSettingsScreen
FNDA:0,(anonymous_1)
FNDA:0,(anonymous_2)
FNDA:0,(anonymous_3)
FNDA:0,(anonymous_4)
FNDA:0,(anonymous_5)
FNDA:0,(anonymous_6)
FNDA:0,(anonymous_7)
FNDA:0,(anonymous_8)
FNDA:0,(anonymous_9)
FNDA:0,(anonymous_10)
FNDA:0,(anonymous_11)
FNDA:0,(anonymous_12)
FNDA:0,(anonymous_13)
FNDA:0,(anonymous_14)
DA:21,0
DA:22,0
DA:23,0
DA:24,0
DA:30,0
DA:33,0
DA:34,0
DA:35,0
DA:36,0
DA:37,0
DA:38,0
DA:41,0
DA:43,0
DA:47,0
DA:51,0
DA:52,0
DA:53,0
DA:55,0
DA:56,0
DA:61,0
DA:62,0
DA:63,0
DA:64,0
DA:68,0
DA:69,0
DA:73,0
DA:74,0
DA:78,0
DA:79,0
DA:97,0
DA:98,0
DA:103,0
DA:106,0
DA:114,0
DA:115,0
DA:121,0
DA:122,0
DA:126,0
DA:127,0
DA:137,0
DA:183,0
DA:212,0
DA:225,0
DA:238,0
DA:254,0
DA:274,0
LF:46
LH:0
BRDA:37,0,0,0
BRDA:37,0,1,0
BRDA:126,1,0,0
BRDA:126,1,1,0
BRDA:152,2,0,0
BRDA:152,2,1,0
BRDA:157,3,0,0
BRDA:157,3,1,0
BRDA:185,4,0,0
BRDA:185,4,1,0
BRDA:185,5,0,0
BRDA:185,5,1,0
BRDA:214,6,0,0
BRDA:214,6,1,0
BRDA:214,7,0,0
BRDA:214,7,1,0
BRDA:227,8,0,0
BRDA:227,8,1,0
BRDA:227,9,0,0
BRDA:227,9,1,0
BRDA:240,10,0,0
BRDA:240,10,1,0
BRDA:240,11,0,0
BRDA:240,11,1,0
BRF:24
BRH:0
end_of_record
TN:
SF:app/settings/index.tsx
FN:24,SettingsScreen
FN:40,(anonymous_1)
FN:41,(anonymous_2)
FN:75,(anonymous_3)
FN:77,(anonymous_4)
FN:95,(anonymous_5)
FN:101,(anonymous_6)
FN:112,(anonymous_7)
FN:129,(anonymous_8)
FN:146,(anonymous_9)
FN:170,(anonymous_10)
FN:175,(anonymous_11)
FN:180,(anonymous_12)
FN:185,(anonymous_13)
FN:190,(anonymous_14)
FN:195,(anonymous_15)
FN:201,(anonymous_16)
FN:256,(anonymous_17)
FN:270,(anonymous_18)
FN:285,(anonymous_19)
FN:307,(anonymous_20)
FN:327,(anonymous_21)
FN:347,(anonymous_22)
FN:388,(anonymous_23)
FN:403,(anonymous_24)
FN:418,(anonymous_25)
FNF:26
FNH:0
FNDA:0,SettingsScreen
FNDA:0,(anonymous_1)
FNDA:0,(anonymous_2)
FNDA:0,(anonymous_3)
FNDA:0,(anonymous_4)
FNDA:0,(anonymous_5)
FNDA:0,(anonymous_6)
FNDA:0,(anonymous_7)
FNDA:0,(anonymous_8)
FNDA:0,(anonymous_9)
FNDA:0,(anonymous_10)
FNDA:0,(anonymous_11)
FNDA:0,(anonymous_12)
FNDA:0,(anonymous_13)
FNDA:0,(anonymous_14)
FNDA:0,(anonymous_15)
FNDA:0,(anonymous_16)
FNDA:0,(anonymous_17)
FNDA:0,(anonymous_18)
FNDA:0,(anonymous_19)
FNDA:0,(anonymous_20)
FNDA:0,(anonymous_21)
FNDA:0,(anonymous_22)
FNDA:0,(anonymous_23)
FNDA:0,(anonymous_24)
FNDA:0,(anonymous_25)
DA:25,0
DA:26,0
DA:27,0
DA:37,0
DA:40,0
DA:41,0
DA:42,0
DA:44,0
DA:45,0
DA:47,0
DA:48,0
DA:52,0
DA:53,0
DA:54,0
DA:55,0
DA:56,0
DA:58,0
DA:59,0
DA:63,0
DA:65,0
DA:67,0
DA:71,0
DA:75,0
DA:77,0
DA:78,0
DA:79,0
DA:80,0
DA:81,0
DA:82,0
DA:85,0
DA:90,0
DA:93,0
DA:95,0
DA:96,0
DA:101,0
DA:102,0
DA:103,0
DA:106,0
DA:107,0
DA:112,0
DA:113,0
DA:114,0
DA:115,0
DA:118,0
DA:119,0
DA:124,0
DA:129,0
DA:130,0
DA:131,0
DA:134,0
DA:138,0
DA:140,0
DA:148,0
DA:149,0
DA:150,0
DA:152,0
DA:154,0
DA:157,0
DA:164,0
DA:165,0
DA:170,0
DA:171,0
DA:175,0
DA:176,0
DA:180,0
DA:181,0
DA:185,0
DA:186,0
DA:190,0
DA:191,0
DA:195,0
DA:196,0
DA:201,0
DA:202,0
DA:203,0
DA:206,0
DA:207,0
DA:217,0
DA:256,0
DA:270,0
DA:285,0
DA:307,0
DA:327,0
DA:347,0
DA:388,0
DA:403,0
DA:418,0
DA:486,0
LF:88
LH:0
BRDA:47,0,0,0
BRDA:47,0,1,0
BRDA:53,1,0,0
BRDA:53,1,1,0
BRDA:55,2,0,0
BRDA:55,2,1,0
BRDA:58,3,0,0
BRDA:58,3,1,0
BRDA:81,4,0,0
BRDA:81,4,1,0
BRDA:118,5,0,0
BRDA:118,5,1,0
BRDA:118,6,0,0
BRDA:118,6,1,0
BRDA:119,7,0,0
BRDA:119,7,1,0
BRDA:120,8,0,0
BRDA:120,8,1,0
BRDA:121,9,0,0
BRDA:121,9,1,0
BRDA:148,10,0,0
BRDA:148,10,1,0
BRDA:206,11,0,0
BRDA:206,11,1,0
BRDA:258,12,0,0
BRDA:258,12,1,0
BRDA:258,13,0,0
BRDA:258,13,1,0
BRDA:272,14,0,0
BRDA:272,14,1,0
BRDA:272,15,0,0
BRDA:272,15,1,0
BRDA:287,16,0,0
BRDA:287,16,1,0
BRDA:287,17,0,0
BRDA:287,17,1,0
BRDA:288,18,0,0
BRDA:288,18,1,0
BRDA:305,19,0,0
BRDA:305,19,1,0
BRDA:312,20,0,0
BRDA:312,20,1,0
BRDA:316,21,0,0
BRDA:316,21,1,0
BRDA:325,22,0,0
BRDA:325,22,1,0
BRDA:332,23,0,0
BRDA:332,23,1,0
BRDA:336,24,0,0
BRDA:336,24,1,0
BRDA:345,25,0,0
BRDA:345,25,1,0
BRDA:352,26,0,0
BRDA:352,26,1,0
BRDA:356,27,0,0
BRDA:356,27,1,0
BRDA:386,28,0,0
BRDA:386,28,1,0
BRDA:392,29,0,0
BRDA:392,29,1,0
BRDA:401,30,0,0
BRDA:401,30,1,0
BRDA:407,31,0,0
BRDA:407,31,1,0
BRDA:416,32,0,0
BRDA:416,32,1,0
BRDA:422,33,0,0
BRDA:422,33,1,0
BRF:68
BRH:0
end_of_record
TN:
SF:app/settings/notifications.tsx
FN:31,NotificationsSettings
FN:53,(anonymous_1)
FN:54,(anonymous_2)
FN:59,(anonymous_3)
FN:75,(anonymous_4)
FN:134,(anonymous_5)
FN:146,(anonymous_6)
FN:192,(anonymous_7)
FN:207,(anonymous_8)
FN:222,(anonymous_9)
FN:236,(anonymous_10)
FN:250,(anonymous_11)
FN:264,(anonymous_12)
FN:278,(anonymous_13)
FN:311,(anonymous_14)
FN:325,(anonymous_15)
FN:339,(anonymous_16)
FN:353,(anonymous_17)
FN:367,(anonymous_18)
FN:381,(anonymous_19)
FN:391,(anonymous_20)
FNF:21
FNH:0
FNDA:0,NotificationsSettings
FNDA:0,(anonymous_1)
FNDA:0,(anonymous_2)
FNDA:0,(anonymous_3)
FNDA:0,(anonymous_4)
FNDA:0,(anonymous_5)
FNDA:0,(anonymous_6)
FNDA:0,(anonymous_7)
FNDA:0,(anonymous_8)
FNDA:0,(anonymous_9)
FNDA:0,(anonymous_10)
FNDA:0,(anonymous_11)
FNDA:0,(anonymous_12)
FNDA:0,(anonymous_13)
FNDA:0,(anonymous_14)
FNDA:0,(anonymous_15)
FNDA:0,(anonymous_16)
FNDA:0,(anonymous_17)
FNDA:0,(anonymous_18)
FNDA:0,(anonymous_19)
FNDA:0,(anonymous_20)
DA:32,0
DA:33,0
DA:34,0
DA:50,0
DA:53,0
DA:54,0
DA:55,0
DA:56,0
DA:57,0
DA:58,0
DA:59,0
DA:65,0
DA:67,0
DA:71,0
DA:75,0
DA:76,0
DA:77,0
DA:80,0
DA:81,0
DA:83,0
DA:84,0
DA:85,0
DA:86,0
DA:88,0
DA:92,0
DA:93,0
DA:95,0
DA:100,0
DA:102,0
DA:103,0
DA:104,0
DA:105,0
DA:109,0
DA:110,0
DA:113,0
DA:115,0
DA:121,0
DA:124,0
DA:125,0
DA:128,0
DA:134,0
DA:135,0
DA:138,0
DA:142,0
DA:146,0
DA:147,0
DA:148,0
DA:149,0
DA:152,0
DA:153,0
DA:154,0
DA:156,0
DA:157,0
DA:161,0
DA:162,0
DA:172,0
DA:192,0
DA:207,0
DA:222,0
DA:236,0
DA:250,0
DA:264,0
DA:311,0
DA:325,0
DA:339,0
DA:353,0
DA:367,0
DA:381,0
DA:391,0
DA:403,0
LF:70
LH:0
BRDA:57,0,0,0
BRDA:57,0,1,0
BRDA:80,1,0,0
BRDA:80,1,1,0
BRDA:81,2,0,0
BRDA:81,2,1,0
BRDA:84,3,0,0
BRDA:84,3,1,0
BRDA:124,4,0,0
BRDA:124,4,1,0
BRDA:138,5,0,0
BRDA:138,5,1,0
BRDA:138,6,0,0
BRDA:138,6,1,0
BRDA:147,7,0,0
BRDA:147,7,1,0
BRDA:161,8,0,0
BRDA:161,8,1,0
BRDA:194,9,0,0
BRDA:194,9,1,0
BRDA:194,10,0,0
BRDA:194,10,1,0
BRDA:209,11,0,0
BRDA:209,11,1,0
BRDA:209,12,0,0
BRDA:209,12,1,0
BRDA:210,13,0,0
BRDA:210,13,1,0
BRDA:224,14,0,0
BRDA:224,14,1,0
BRDA:224,15,0,0
BRDA:224,15,1,0
BRDA:225,16,0,0
BRDA:225,16,1,0
BRDA:225,16,2,0
BRDA:238,17,0,0
BRDA:238,17,1,0
BRDA:238,18,0,0
BRDA:238,18,1,0
BRDA:239,19,0,0
BRDA:239,19,1,0
BRDA:252,20,0,0
BRDA:252,20,1,0
BRDA:252,21,0,0
BRDA:252,21,1,0
BRDA:253,22,0,0
BRDA:253,22,1,0
BRDA:266,23,0,0
BRDA:266,23,1,0
BRDA:266,24,0,0
BRDA:266,24,1,0
BRDA:267,25,0,0
BRDA:267,25,1,0
BRDA:271,26,0,0
BRDA:271,26,1,0
BRDA:293,27,0,0
BRDA:293,27,1,0
BRDA:313,28,0,0
BRDA:313,28,1,0
BRDA:313,29,0,0
BRDA:313,29,1,0
BRDA:314,30,0,0
BRDA:314,30,1,0
BRDA:327,31,0,0
BRDA:327,31,1,0
BRDA:327,32,0,0
BRDA:327,32,1,0
BRDA:328,33,0,0
BRDA:328,33,1,0
BRDA:341,34,0,0
BRDA:341,34,1,0
BRDA:341,35,0,0
BRDA:341,35,1,0
BRDA:342,36,0,0
BRDA:342,36,1,0
BRDA:355,37,0,0
BRDA:355,37,1,0
BRDA:355,38,0,0
BRDA:355,38,1,0
BRDA:356,39,0,0
BRDA:356,39,1,0
BRDA:369,40,0,0
BRDA:369,40,1,0
BRDA:369,41,0,0
BRDA:369,41,1,0
BRDA:370,42,0,0
BRDA:370,42,1,0
BRDA:383,43,0,0
BRDA:383,43,1,0
BRDA:383,44,0,0
BRDA:383,44,1,0
BRDA:384,45,0,0
BRDA:384,45,1,0
BRF:93
BRH:0
end_of_record
TN:
SF:app/types/index.ts
FNF:0
FNH:0
DA:53,0
LF:1
LH:0
BRF:0
BRH:0
end_of_record
TN:
SF:app/utils/_pushNotificationHelper.util.js
FN:15,(anonymous_0)
FN:23,(anonymous_1)
FN:35,(anonymous_2)
FN:47,(anonymous_3)
FN:117,(anonymous_4)
FN:133,(anonymous_5)
FN:148,PushNotificationHelper
FNF:7
FNH:0
FNDA:0,(anonymous_0)
FNDA:0,(anonymous_1)
FNDA:0,(anonymous_2)
FNDA:0,(anonymous_3)
FNDA:0,(anonymous_4)
FNDA:0,(anonymous_5)
FNDA:0,PushNotificationHelper
DA:9,0
DA:12,0
DA:15,0
DA:16,0
DA:18,0
DA:19,0
DA:22,0
DA:23,0
DA:30,0
DA:34,0
DA:35,0
DA:42,0
DA:47,0
DA:48,0
DA:50,0
DA:51,0
DA:54,0
DA:55,0
DA:58,0
DA:62,0
DA:63,0
DA:64,0
DA:68,0
DA:69,0
DA:72,0
DA:73,0
DA:74,0
DA:78,0
DA:79,0
DA:80,0
DA:84,0
DA:85,0
DA:88,0
DA:89,0
DA:90,0
DA:93,0
DA:97,0
DA:98,0
DA:100,0
DA:103,0
DA:104,0
DA:105,0
DA:108,0
DA:111,0
DA:112,0
DA:117,0
DA:118,0
DA:120,0
DA:129,0
DA:132,0
DA:133,0
DA:134,0
DA:142,0
DA:143,0
DA:149,0
LF:55
LH:0
BRDA:18,0,0,0
BRDA:18,0,1,0
BRDA:50,1,0,0
BRDA:50,1,1,0
BRDA:54,2,0,0
BRDA:54,2,1,0
BRDA:62,3,0,0
BRDA:62,3,1,0
BRDA:72,4,0,0
BRDA:72,4,1,0
BRDA:78,5,0,0
BRDA:78,5,1,0
BRDA:88,6,0,0
BRDA:88,6,1,0
BRDA:88,7,0,0
BRDA:88,7,1,0
BRDA:103,8,0,0
BRDA:103,8,1,0
BRDA:132,9,0,0
BRDA:132,9,1,0
BRF:20
BRH:0
end_of_record
TN:
SF:app/utils/pushNotifications.js
FN:13,(anonymous_0)
FN:21,(anonymous_1)
FN:33,(anonymous_2)
FN:45,(anonymous_3)
FN:115,(anonymous_4)
FN:131,(anonymous_5)
FN:146,PushNotificationHelper
FNF:7
FNH:0
FNDA:0,(anonymous_0)
FNDA:0,(anonymous_1)
FNDA:0,(anonymous_2)
FNDA:0,(anonymous_3)
FNDA:0,(anonymous_4)
FNDA:0,(anonymous_5)
FNDA:0,PushNotificationHelper
DA:7,0
DA:10,0
DA:13,0
DA:14,0
DA:16,0
DA:17,0
DA:20,0
DA:21,0
DA:28,0
DA:32,0
DA:33,0
DA:40,0
DA:45,0
DA:46,0
DA:48,0
DA:49,0
DA:52,0
DA:53,0
DA:56,0
DA:60,0
DA:61,0
DA:62,0
DA:66,0
DA:67,0
DA:70,0
DA:71,0
DA:72,0
DA:76,0
DA:77,0
DA:78,0
DA:82,0
DA:83,0
DA:86,0
DA:87,0
DA:88,0
DA:91,0
DA:95,0
DA:96,0
DA:98,0
DA:101,0
DA:102,0
DA:103,0
DA:106,0
DA:109,0
DA:110,0
DA:115,0
DA:116,0
DA:118,0
DA:127,0
DA:130,0
DA:131,0
DA:132,0
DA:140,0
DA:141,0
DA:147,0
LF:55
LH:0
BRDA:16,0,0,0
BRDA:16,0,1,0
BRDA:48,1,0,0
BRDA:48,1,1,0
BRDA:52,2,0,0
BRDA:52,2,1,0
BRDA:60,3,0,0
BRDA:60,3,1,0
BRDA:70,4,0,0
BRDA:70,4,1,0
BRDA:76,5,0,0
BRDA:76,5,1,0
BRDA:86,6,0,0
BRDA:86,6,1,0
BRDA:86,7,0,0
BRDA:86,7,1,0
BRDA:101,8,0,0
BRDA:101,8,1,0
BRDA:130,9,0,0
BRDA:130,9,1,0
BRF:20
BRH:0
end_of_record
TN:
SF:app/wallet/index.tsx
FN:27,WalletScreen
FN:33,(anonymous_1)
FN:82,(anonymous_2)
FNF:3
FNH:0
FNDA:0,WalletScreen
FNDA:0,(anonymous_1)
FNDA:0,(anonymous_2)
DA:28,0
DA:29,0
DA:30,0
DA:33,0
DA:34,0
DA:38,0
DA:39,0
DA:59,0
DA:82,0
DA:92,0
LF:10
LH:0
BRDA:38,0,0,0
BRDA:38,0,1,0
BRF:2
BRH:0
end_of_record
TN:
SF:components/Collapsible.tsx
FN:10,Collapsible
FN:18,(anonymous_1)
FN:18,(anonymous_2)
FNF:3
FNH:0
FNDA:0,Collapsible
FNDA:0,(anonymous_1)
FNDA:0,(anonymous_2)
DA:11,0
DA:12,0
DA:14,0
DA:18,0
DA:35,0
LF:5
LH:0
BRDA:12,0,0,0
BRDA:12,0,1,0
BRDA:24,1,0,0
BRDA:24,1,1,0
BRDA:25,2,0,0
BRDA:25,2,1,0
BRDA:30,3,0,0
BRDA:30,3,1,0
BRF:8
BRH:0
end_of_record
TN:
SF:components/ExternalLink.tsx
FN:8,ExternalLink
FN:14,(anonymous_1)
FNF:2
FNH:0
FNDA:0,ExternalLink
FNDA:0,(anonymous_1)
DA:9,0
DA:15,0
DA:17,0
DA:19,0
LF:4
LH:0
BRDA:15,0,0,0
BRDA:15,0,1,0
BRF:2
BRH:0
end_of_record
TN:
SF:components/HapticTab.tsx
FN:5,HapticTab
FN:9,(anonymous_1)
FNF:2
FNH:0
FNDA:0,HapticTab
FNDA:0,(anonymous_1)
DA:6,0
DA:10,0
DA:12,0
DA:14,0
LF:4
LH:0
BRDA:10,0,0,0
BRDA:10,0,1,0
BRF:2
BRH:0
end_of_record
TN:
SF:components/HelloWave.tsx
FN:13,HelloWave
FN:16,(anonymous_1)
FN:23,(anonymous_2)
FNF:3
FNH:0
FNDA:0,HelloWave
FNDA:0,(anonymous_1)
FNDA:0,(anonymous_2)
DA:14,0
DA:16,0
DA:17,0
DA:23,0
DA:27,0
DA:34,0
LF:6
LH:0
BRF:0
BRH:0
end_of_record
TN:
SF:components/LanguageSelector.js
FN:11,(anonymous_0)
FN:14,(anonymous_1)
FN:25,(anonymous_2)
FN:32,(anonymous_3)
FNF:4
FNH:0
FNDA:0,(anonymous_0)
FNDA:0,(anonymous_1)
FNDA:0,(anonymous_2)
FNDA:0,(anonymous_3)
DA:6,0
DA:11,0
DA:12,0
DA:14,0
DA:15,0
DA:16,0
DA:17,0
DA:19,0
DA:23,0
DA:26,0
DA:32,0
DA:47,0
LF:12
LH:0
BRDA:30,0,0,0
BRDA:30,0,1,0
BRDA:37,1,0,0
BRDA:37,1,1,0
BRF:4
BRH:0
end_of_record
TN:
SF:components/LanguageSelector.tsx
FN:17,(anonymous_0)
FN:20,(anonymous_1)
FN:31,(anonymous_2)
FN:38,(anonymous_3)
FNF:4
FNH:0
FNDA:0,(anonymous_0)
FNDA:0,(anonymous_1)
FNDA:0,(anonymous_2)
FNDA:0,(anonymous_3)
DA:12,0
DA:17,0
DA:18,0
DA:20,0
DA:21,0
DA:22,0
DA:23,0
DA:25,0
DA:29,0
DA:32,0
DA:38,0
DA:53,0
LF:12
LH:0
BRDA:36,0,0,0
BRDA:36,0,1,0
BRDA:43,1,0,0
BRDA:43,1,1,0
BRF:4
BRH:0
end_of_record
TN:
SF:components/NicknameEditor.tsx
FN:25,(anonymous_0)
FN:39,(anonymous_1)
FN:72,(anonymous_2)
FN:147,(anonymous_3)
FNF:4
FNH:0
FNDA:0,(anonymous_0)
FNDA:0,(anonymous_1)
FNDA:0,(anonymous_2)
FNDA:0,(anonymous_3)
DA:25,0
DA:30,0
DA:31,0
DA:32,0
DA:33,0
DA:34,0
DA:35,0
DA:36,0
DA:39,0
DA:40,0
DA:41,0
DA:42,0
DA:45,0
DA:46,0
DA:49,0
DA:50,0
DA:53,0
DA:54,0
DA:58,0
DA:64,0
DA:65,0
DA:67,0
DA:72,0
DA:73,0
DA:76,0
DA:77,0
DA:78,0
DA:79,0
DA:80,0
DA:83,0
DA:85,0
DA:86,0
DA:87,0
DA:89,0
DA:90,0
DA:92,0
DA:94,0
DA:99,0
DA:100,0
DA:101,0
DA:104,0
DA:105,0
DA:106,0
DA:109,0
DA:110,0
DA:111,0
DA:114,0
DA:118,0
DA:120,0
DA:121,0
DA:122,0
DA:123,0
DA:126,0
DA:127,0
DA:128,0
DA:129,0
DA:130,0
DA:131,0
DA:135,0
DA:140,0
DA:149,0
DA:154,0
DA:155,0
DA:156,0
DA:158,0
DA:162,0
DA:228,0
LF:67
LH:0
BRDA:31,0,0,0
BRDA:31,0,1,0
BRDA:53,1,0,0
BRDA:53,1,1,0
BRDA:77,2,0,0
BRDA:77,2,1,0
BRDA:118,3,0,0
BRDA:118,3,1,0
BRDA:122,4,0,0
BRDA:122,4,1,0
BRDA:127,5,0,0
BRDA:127,5,1,0
BRDA:142,6,0,0
BRDA:142,6,1,0
BRDA:175,7,0,0
BRDA:175,7,1,0
BRDA:185,8,0,0
BRDA:185,8,1,0
BRDA:195,9,0,0
BRDA:195,9,1,0
BRDA:205,10,0,0
BRDA:205,10,1,0
BRDA:205,10,2,0
BRDA:208,11,0,0
BRDA:208,11,1,0
BRDA:210,12,0,0
BRDA:210,12,1,0
BRF:27
BRH:0
end_of_record
TN:
SF:components/ParallaxScrollView.tsx
FN:21,ParallaxScrollView
FN:30,(anonymous_1)
FNF:2
FNH:0
FNDA:0,ParallaxScrollView
FNDA:0,(anonymous_1)
DA:14,0
DA:26,0
DA:27,0
DA:28,0
DA:29,0
DA:30,0
DA:31,0
DA:47,0
DA:68,0
LF:9
LH:0
BRDA:26,0,0,0
BRDA:26,0,1,0
BRF:2
BRH:0
end_of_record
TN:
SF:components/StylishButton.tsx
FN:26,(anonymous_0)
FN:38,(anonymous_1)
FN:54,(anonymous_2)
FN:68,(anonymous_3)
FN:82,(anonymous_4)
FN:93,(anonymous_5)
FNF:6
FNH:0
FNDA:0,(anonymous_0)
FNDA:0,(anonymous_1)
FNDA:0,(anonymous_2)
FNDA:0,(anonymous_3)
FNDA:0,(anonymous_4)
FNDA:0,(anonymous_5)
DA:26,0
DA:38,0
DA:39,0
DA:41,0
DA:43,0
DA:45,0
DA:47,0
DA:49,0
DA:54,0
DA:55,0
DA:57,0
DA:59,0
DA:61,0
DA:63,0
DA:68,0
DA:69,0
DA:71,0
DA:73,0
DA:75,0
DA:77,0
DA:82,0
DA:83,0
DA:84,0
DA:89,0
DA:93,0
DA:94,0
DA:95,0
DA:101,0
DA:102,0
DA:105,0
DA:106,0
DA:111,0
DA:114,0
DA:156,0
LF:34
LH:0
BRDA:29,0,0,0
BRDA:30,1,0,0
BRDA:31,2,0,0
BRDA:32,3,0,0
BRDA:39,4,0,0
BRDA:39,4,1,0
BRDA:39,4,2,0
BRDA:39,4,3,0
BRDA:39,4,4,0
BRDA:55,5,0,0
BRDA:55,5,1,0
BRDA:55,5,2,0
BRDA:55,5,3,0
BRDA:69,6,0,0
BRDA:69,6,1,0
BRDA:69,6,2,0
BRDA:69,6,3,0
BRDA:83,7,0,0
BRDA:83,7,1,0
BRDA:86,8,0,0
BRDA:86,8,1,0
BRDA:94,9,0,0
BRDA:94,9,1,0
BRDA:101,10,0,0
BRDA:101,10,1,0
BRDA:105,11,0,0
BRDA:105,11,1,0
BRDA:117,12,0,0
BRDA:117,12,1,0
BRDA:128,13,0,0
BRDA:128,13,1,0
BRDA:131,14,0,0
BRDA:131,14,1,0
BRDA:133,15,0,0
BRDA:133,15,1,0
BRDA:138,16,0,0
BRDA:138,16,1,0
BRDA:143,17,0,0
BRDA:143,17,1,0
BRF:39
BRH:0
end_of_record
TN:
SF:components/ThemedText.tsx
FN:11,ThemedText
FNF:1
FNH:0
FNDA:0,ThemedText
DA:18,0
DA:20,0
DA:36,1
LF:3
LH:1
BRDA:15,0,0,0
BRDA:24,1,0,0
BRDA:24,1,1,0
BRDA:25,2,0,0
BRDA:25,2,1,0
BRDA:26,3,0,0
BRDA:26,3,1,0
BRDA:27,4,0,0
BRDA:27,4,1,0
BRDA:28,5,0,0
BRDA:28,5,1,0
BRF:11
BRH:0
end_of_record
TN:
SF:components/ThemedView.tsx
FN:10,ThemedView
FNF:1
FNH:0
FNDA:0,ThemedView
DA:11,0
DA:13,0
LF:2
LH:0
BRF:0
BRH:0
end_of_record
TN:
SF:components/VoicePlayer.js
FN:9,VoicePlayer
FN:21,(anonymous_1)
FN:24,(anonymous_2)
FN:35,(anonymous_3)
FN:68,(anonymous_4)
FN:84,(anonymous_5)
FN:99,(anonymous_6)
FN:111,(anonymous_7)
FN:128,(anonymous_8)
FNF:9
FNH:0
FNDA:0,VoicePlayer
FNDA:0,(anonymous_1)
FNDA:0,(anonymous_2)
FNDA:0,(anonymous_3)
FNDA:0,(anonymous_4)
FNDA:0,(anonymous_5)
FNDA:0,(anonymous_6)
FNDA:0,(anonymous_7)
FNDA:0,(anonymous_8)
DA:7,0
DA:10,0
DA:11,0
DA:12,0
DA:13,0
DA:14,0
DA:15,0
DA:16,0
DA:18,0
DA:21,0
DA:22,0
DA:24,0
DA:25,0
DA:26,0
DA:28,0
DA:29,0
DA:35,0
DA:36,0
DA:37,0
DA:38,0
DA:39,0
DA:40,0
DA:41,0
DA:45,0
DA:46,0
DA:49,0
DA:50,0
DA:56,0
DA:57,0
DA:60,0
DA:61,0
DA:62,0
DA:63,0
DA:68,0
DA:69,0
DA:70,0
DA:71,0
DA:72,0
DA:75,0
DA:76,0
DA:77,0
DA:78,0
DA:84,0
DA:85,0
DA:86,0
DA:88,0
DA:89,0
DA:91,0
DA:94,0
DA:99,0
DA:100,0
DA:101,0
DA:103,0
DA:104,0
DA:106,0
DA:111,0
DA:112,0
DA:113,0
DA:116,0
DA:117,0
DA:118,0
DA:120,0
DA:121,0
DA:123,0
DA:128,0
DA:129,0
DA:131,0
DA:132,0
DA:133,0
DA:135,0
DA:138,0
DA:139,0
DA:146,0
DA:204,0
LF:74
LH:0
BRDA:25,0,0,0
BRDA:25,0,1,0
BRDA:28,1,0,0
BRDA:28,1,1,0
BRDA:37,2,0,0
BRDA:37,2,1,0
BRDA:40,3,0,0
BRDA:40,3,1,0
BRDA:45,4,0,0
BRDA:45,4,1,0
BRDA:63,5,0,0
BRDA:63,5,1,0
BRDA:69,6,0,0
BRDA:69,6,1,0
BRDA:71,7,0,0
BRDA:71,7,1,0
BRDA:75,8,0,0
BRDA:75,8,1,0
BRDA:86,9,0,0
BRDA:86,9,1,0
BRDA:88,10,0,0
BRDA:88,10,1,0
BRDA:101,11,0,0
BRDA:101,11,1,0
BRDA:113,12,0,0
BRDA:113,12,1,0
BRDA:129,13,0,0
BRDA:129,13,1,0
BRDA:138,14,0,0
BRDA:138,14,1,0
BRDA:148,15,0,0
BRDA:148,15,1,0
BRDA:160,16,0,0
BRDA:160,16,1,0
BRDA:176,17,0,0
BRDA:176,17,1,0
BRF:36
BRH:0
end_of_record
TN:
SF:components/VoiceRecorder.tsx
FN:19,VoiceRecorder
FN:36,(anonymous_1)
FN:43,(anonymous_2)
FN:44,(anonymous_3)
FN:63,(anonymous_4)
FN:64,(anonymous_5)
FN:79,(anonymous_6)
FN:128,(anonymous_7)
FN:129,(anonymous_8)
FN:142,(anonymous_9)
FN:153,(anonymous_10)
FN:192,(anonymous_11)
FN:229,(anonymous_12)
FN:238,(anonymous_13)
FN:259,(anonymous_14)
FN:263,(anonymous_15)
FN:268,(anonymous_16)
FN:278,(anonymous_17)
FN:280,(anonymous_18)
FN:281,(anonymous_19)
FN:285,(anonymous_20)
FN:301,(anonymous_21)
FN:309,(anonymous_22)
FN:316,(anonymous_23)
FN:319,(anonymous_24)
FN:338,(anonymous_25)
FNF:26
FNH:0
FNDA:0,VoiceRecorder
FNDA:0,(anonymous_1)
FNDA:0,(anonymous_2)
FNDA:0,(anonymous_3)
FNDA:0,(anonymous_4)
FNDA:0,(anonymous_5)
FNDA:0,(anonymous_6)
FNDA:0,(anonymous_7)
FNDA:0,(anonymous_8)
FNDA:0,(anonymous_9)
FNDA:0,(anonymous_10)
FNDA:0,(anonymous_11)
FNDA:0,(anonymous_12)
FNDA:0,(anonymous_13)
FNDA:0,(anonymous_14)
FNDA:0,(anonymous_15)
FNDA:0,(anonymous_16)
FNDA:0,(anonymous_17)
FNDA:0,(anonymous_18)
FNDA:0,(anonymous_19)
FNDA:0,(anonymous_20)
FNDA:0,(anonymous_21)
FNDA:0,(anonymous_22)
FNDA:0,(anonymous_23)
FNDA:0,(anonymous_24)
FNDA:0,(anonymous_25)
DA:10,0
DA:25,0
DA:26,0
DA:27,0
DA:28,0
DA:29,0
DA:30,0
DA:31,0
DA:32,0
DA:35,0
DA:36,0
DA:37,0
DA:40,0
DA:43,0
DA:44,0
DA:45,0
DA:46,0
DA:47,0
DA:48,0
DA:49,0
DA:50,0
DA:51,0
DA:55,0
DA:59,0
DA:63,0
DA:64,0
DA:65,0
DA:66,0
DA:68,0
DA:69,0
DA:71,0
DA:72,0
DA:74,0
DA:79,0
DA:80,0
DA:82,0
DA:83,0
DA:84,0
DA:88,0
DA:89,0
DA:90,0
DA:91,0
DA:95,0
DA:96,0
DA:97,0
DA:98,0
DA:101,0
DA:104,0
DA:112,0
DA:113,0
DA:116,0
DA:120,0
DA:122,0
DA:123,0
DA:124,0
DA:125,0
DA:128,0
DA:129,0
DA:130,0
DA:131,0
DA:132,0
DA:134,0
DA:139,0
DA:142,0
DA:143,0
DA:147,0
DA:148,0
DA:153,0
DA:154,0
DA:155,0
DA:158,0
DA:159,0
DA:163,0
DA:166,0
DA:169,0
DA:170,0
DA:171,0
DA:172,0
DA:175,0
DA:176,0
DA:177,0
DA:178,0
DA:179,0
DA:182,0
DA:183,0
DA:185,0
DA:186,0
DA:187,0
DA:192,0
DA:193,0
DA:194,0
DA:195,0
DA:196,0
DA:197,0
DA:199,0
DA:202,0
DA:203,0
DA:204,0
DA:208,0
DA:209,0
DA:213,0
DA:219,0
DA:220,0
DA:223,0
DA:224,0
DA:229,0
DA:230,0
DA:231,0
DA:232,0
DA:238,0
DA:239,0
DA:240,0
DA:241,0
DA:244,0
DA:247,0
DA:248,0
DA:249,0
DA:251,0
DA:255,0
DA:256,0
DA:257,0
DA:258,0
DA:259,0
DA:263,0
DA:264,0
DA:265,0
DA:266,0
DA:267,0
DA:268,0
DA:270,0
DA:271,0
DA:272,0
DA:273,0
DA:278,0
DA:280,0
DA:281,0
DA:282,0
DA:285,0
DA:286,0
DA:296,0
DA:297,0
DA:301,0
DA:302,0
DA:303,0
DA:304,0
DA:309,0
DA:310,0
DA:311,0
DA:312,0
DA:316,0
DA:317,0
DA:320,0
DA:338,0
DA:339,0
DA:340,0
DA:351,0
DA:352,0
DA:370,0
DA:371,0
DA:399,0
DA:406,0
LF:161
LH:0
BRDA:21,0,0,0
BRDA:47,1,0,0
BRDA:47,1,1,0
BRDA:49,2,0,0
BRDA:49,2,1,0
BRDA:65,3,0,0
BRDA:65,3,1,0
BRDA:68,4,0,0
BRDA:68,4,1,0
BRDA:71,5,0,0
BRDA:71,5,1,0
BRDA:82,6,0,0
BRDA:82,6,1,0
BRDA:88,7,0,0
BRDA:88,7,1,0
BRDA:96,8,0,0
BRDA:96,8,1,0
BRDA:130,9,0,0
BRDA:130,9,1,0
BRDA:155,10,0,0
BRDA:155,10,1,0
BRDA:158,11,0,0
BRDA:158,11,1,0
BRDA:175,12,0,0
BRDA:175,12,1,0
BRDA:194,13,0,0
BRDA:194,13,1,0
BRDA:195,14,0,0
BRDA:195,14,1,0
BRDA:202,15,0,0
BRDA:202,15,1,0
BRDA:208,16,0,0
BRDA:208,16,1,0
BRDA:230,17,0,0
BRDA:230,17,1,0
BRDA:231,18,0,0
BRDA:231,18,1,0
BRDA:239,19,0,0
BRDA:239,19,1,0
BRDA:247,20,0,0
BRDA:247,20,1,0
BRDA:270,21,0,0
BRDA:270,21,1,0
BRDA:302,22,0,0
BRDA:302,22,1,0
BRDA:339,23,0,0
BRDA:339,23,1,0
BRDA:346,24,0,0
BRDA:346,24,1,0
BRDA:351,25,0,0
BRDA:351,25,1,0
BRDA:370,26,0,0
BRDA:370,26,1,0
BRDA:378,27,0,0
BRDA:378,27,1,0
BRF:55
BRH:0
end_of_record
TN:
SF:components/ui/IconSymbol.ios.tsx
FN:4,IconSymbol
FNF:1
FNH:0
FNDA:0,IconSymbol
DA:17,0
LF:1
LH:0
BRDA:6,0,0,0
BRDA:9,1,0,0
BRF:2
BRH:0
end_of_record
TN:
SF:components/ui/IconSymbol.tsx
FN:30,IconSymbol
FNF:1
FNH:0
FNDA:0,IconSymbol
DA:9,0
DA:42,0
LF:2
LH:0
BRDA:32,0,0,0
BRF:1
BRH:0
end_of_record
TN:
SF:components/ui/TabBarBackground.ios.tsx
FN:6,BlurTabBarBackground
FN:18,useBottomTabOverflow
FNF:2
FNH:0
FNDA:0,BlurTabBarBackground
FNDA:0,useBottomTabOverflow
DA:7,0
DA:19,0
DA:20,0
DA:21,0
LF:4
LH:0
BRF:0
BRH:0
end_of_record
TN:
SF:components/ui/TabBarBackground.tsx
FN:4,useBottomTabOverflow
FNF:1
FNH:0
FNDA:0,useBottomTabOverflow
DA:5,0
LF:1
LH:0
BRF:0
BRH:0
end_of_record
